#
# There is insufficient memory for the Java Runtime Environment to continue.
# Native memory allocation (malloc) failed to allocate 307776 bytes for Chunk::new
# Possible reasons:
#   The system is out of physical RAM or swap space
#   The process is running with CompressedOops enabled, and the Java Heap may be blocking the growth of the native heap
# Possible solutions:
#   Reduce memory load on the system
#   Increase physical memory or swap space
#   Check if swap backing store is full
#   Decrease Java heap size (-Xmx/-Xms)
#   Decrease number of Java threads
#   Decrease Java thread stack sizes (-Xss)
#   Set larger code cache with -XX:ReservedCodeCacheSize=
#   JVM is running with Zero Based Compressed Oops mode in which the Java heap is
#     placed in the first 32GB address space. The Java Heap base address is the
#     maximum limit for the native heap growth. Please use -XX:HeapBaseMinAddress
#     to set the Java Heap base and to place the Java Heap above 32GB virtual address.
# This output file may be truncated or incomplete.
#
#  Out of Memory Error (arena.cpp:168), pid=27816, tid=19488
#
# JRE version: Java(TM) SE Runtime Environment (21.0.1+12) (build 21.0.1+12-LTS-29)
# Java VM: Java HotSpot(TM) 64-Bit Server VM (21.0.1+12-LTS-29, mixed mode, sharing, tiered, compressed oops, compressed class ptrs, g1 gc, windows-amd64)
# No core dump will be written. Minidumps are not enabled by default on client versions of Windows
#

---------------  S U M M A R Y ------------

Command Line: lib\\sabre.jar -p prototype\\basketball_prototype.txt -el 0 -h h+ -c n -tl 5000

Host: 11th Gen Intel(R) Core(TM) i5-1135G7 @ 2.40GHz, 8 cores, 15G,  Windows 11 , 64 bit Build 22621 (10.0.22621.3672)
Time: Thu Aug  1 17:54:26 2024  Windows 11 , 64 bit Build 22621 (10.0.22621.3672) elapsed time: 0.251773 seconds (0d 0h 0m 0s)

---------------  T H R E A D  ---------------

Current thread (0x0000023454dfe780):  JavaThread "C2 CompilerThread2" daemon [_thread_in_native, id=19488, stack(0x0000004001700000,0x0000004001800000) (1024K)]


Current CompileTask:
C2:    251  589       4       edu.uky.cs.nil.sabre.io.Tokenizer::getInstruction (266 bytes)

Stack: [0x0000004001700000,0x0000004001800000]
Native frames: (J=compiled Java code, j=interpreted, Vv=VM code, C=native code)
V  [jvm.dll+0x6c9029]
V  [jvm.dll+0x854b81]
V  [jvm.dll+0x856e5e]
V  [jvm.dll+0x857543]
V  [jvm.dll+0x280c06]
V  [jvm.dll+0xc3ead]
V  [jvm.dll+0xc43c3]
V  [jvm.dll+0x2f3f3f]
V  [jvm.dll+0x5f40a6]
V  [jvm.dll+0x252bef]
V  [jvm.dll+0x252fbf]
V  [jvm.dll+0x24b734]
V  [jvm.dll+0x248fa3]
V  [jvm.dll+0x1c9ca1]
V  [jvm.dll+0x2586b9]
V  [jvm.dll+0x256c9a]
V  [jvm.dll+0x3ef1b6]
V  [jvm.dll+0x7fd728]
V  [jvm.dll+0x6c777d]
C  [ucrtbase.dll+0x29333]
C  [KERNEL32.DLL+0x1257d]
C  [ntdll.dll+0x5af28]


---------------  P R O C E S S  ---------------

Threads class SMR info:
_java_thread_list=0x0000023454d555d0, length=13, elements={
0x000002343362e120, 0x00000234548948e0, 0x0000023454896550, 0x00000234548996d0,
0x000002345489a740, 0x000002345489d7c0, 0x00000234548a1e50, 0x00000234548a7590,
0x00000234548ab140, 0x0000023454b5c270, 0x0000023454b5edb0, 0x0000023454dfb8e0,
0x0000023454dfe780
}

Java Threads: ( => current thread )
  0x000002343362e120 JavaThread "main"                              [_thread_in_vm, id=2240, stack(0x0000004000400000,0x0000004000500000) (1024K)]
  0x00000234548948e0 JavaThread "Reference Handler"          daemon [_thread_blocked, id=14956, stack(0x0000004000c00000,0x0000004000d00000) (1024K)]
  0x0000023454896550 JavaThread "Finalizer"                  daemon [_thread_blocked, id=28932, stack(0x0000004000d00000,0x0000004000e00000) (1024K)]
  0x00000234548996d0 JavaThread "Signal Dispatcher"          daemon [_thread_blocked, id=28044, stack(0x0000004000e00000,0x0000004000f00000) (1024K)]
  0x000002345489a740 JavaThread "Attach Listener"            daemon [_thread_blocked, id=14168, stack(0x0000004000f00000,0x0000004001000000) (1024K)]
  0x000002345489d7c0 JavaThread "Service Thread"             daemon [_thread_blocked, id=22488, stack(0x0000004001000000,0x0000004001100000) (1024K)]
  0x00000234548a1e50 JavaThread "Monitor Deflation Thread"   daemon [_thread_blocked, id=20444, stack(0x0000004001100000,0x0000004001200000) (1024K)]
  0x00000234548a7590 JavaThread "C2 CompilerThread0"         daemon [_thread_blocked, id=15296, stack(0x0000004001200000,0x0000004001300000) (1024K)]
  0x00000234548ab140 JavaThread "C1 CompilerThread0"         daemon [_thread_in_vm, id=27952, stack(0x0000004001300000,0x0000004001400000) (1024K)]
  0x0000023454b5c270 JavaThread "Notification Thread"        daemon [_thread_blocked, id=5828, stack(0x0000004001400000,0x0000004001500000) (1024K)]
  0x0000023454b5edb0 JavaThread "Common-Cleaner"             daemon [_thread_blocked, id=8324, stack(0x0000004001500000,0x0000004001600000) (1024K)]
  0x0000023454dfb8e0 JavaThread "C2 CompilerThread1"         daemon [_thread_blocked, id=29864, stack(0x0000004001600000,0x0000004001700000) (1024K)]
=>0x0000023454dfe780 JavaThread "C2 CompilerThread2"         daemon [_thread_in_native, id=19488, stack(0x0000004001700000,0x0000004001800000) (1024K)]
Total: 13

Other Threads:
  0x0000023454873760 VMThread "VM Thread"                           [id=30348, stack(0x0000004000b00000,0x0000004000c00000) (1024K)]
  0x000002345485f430 WatcherThread "VM Periodic Task Thread"        [id=8360, stack(0x0000004000a00000,0x0000004000b00000) (1024K)]
  0x00000234358b68f0 WorkerThread "GC Thread#0"                     [id=13764, stack(0x0000004000500000,0x0000004000600000) (1024K)]
  0x00000234358c74d0 ConcurrentGCThread "G1 Main Marker"            [id=29260, stack(0x0000004000600000,0x0000004000700000) (1024K)]
  0x00000234358c8680 WorkerThread "G1 Conc#0"                       [id=22684, stack(0x0000004000700000,0x0000004000800000) (1024K)]
  0x000002345472e150 ConcurrentGCThread "G1 Refine#0"               [id=14496, stack(0x0000004000800000,0x0000004000900000) (1024K)]
  0x000002345472ead0 ConcurrentGCThread "G1 Service"                [id=23356, stack(0x0000004000900000,0x0000004000a00000) (1024K)]
Total: 7

Threads with active compile tasks:
C1 CompilerThread0      286  711       3       edu.uky.cs.nil.sabre.io.Keyword::match (9 bytes)
C2 CompilerThread2      286  589       4       edu.uky.cs.nil.sabre.io.Tokenizer::getInstruction (266 bytes)
Total: 2

VM state: not at safepoint (normal execution)

VM Mutex/Monitor currently owned by a thread: None

Heap address: 0x0000000704c00000, size: 4020 MB, Compressed Oops mode: Zero based, Oop shift amount: 3

CDS archive(s) mapped at: [0x0000023455000000-0x0000023455c90000-0x0000023455c90000), size 13172736, SharedBaseAddress: 0x0000023455000000, ArchiveRelocationMode: 1.
Compressed class space mapped at: 0x0000023456000000-0x0000023496000000, reserved size: 1073741824
Narrow klass base: 0x0000023455000000, Narrow klass shift: 0, Narrow klass range: 0x100000000

GC Precious Log:
 CardTable entry size: 512
 Card Set container configuration: InlinePtr #cards 4 size 8 Array Of Cards #cards 16 size 48 Howl #buckets 8 coarsen threshold 3686 Howl Bitmap #cards 512 size 80 coarsen threshold 460 Card regions per heap region 1 cards per card region 4096
 CPUs: 8 total, 8 available
 Memory: 16078M
 Large Page Support: Disabled
 NUMA Support: Disabled
 Compressed Oops: Enabled (Zero based)
 Heap Region Size: 2M
 Heap Min Capacity: 8M
 Heap Initial Capacity: 252M
 Heap Max Capacity: 4020M
 Pre-touch: Disabled
 Parallel Workers: 8
 Concurrent Workers: 2
 Concurrent Refinement Workers: 8
 Periodic GC: Disabled

Heap:
 garbage-first heap   total 258048K, used 8192K [0x0000000704c00000, 0x0000000800000000)
  region size 2048K, 5 young (10240K), 0 survivors (0K)
 Metaspace       used 2107K, committed 2368K, reserved 1114112K
  class space    used 260K, committed 384K, reserved 1048576K

Heap Regions: E=young(eden), S=young(survivor), O=old, HS=humongous(starts), HC=humongous(continues), CS=collection set, F=free, TAMS=top-at-mark-start, PB=parsable bottom
|   0|0x0000000704c00000, 0x0000000704c00000, 0x0000000704e00000|  0%| F|  |TAMS 0x0000000704c00000| PB 0x0000000704c00000| Untracked 
|   1|0x0000000704e00000, 0x0000000704e00000, 0x0000000705000000|  0%| F|  |TAMS 0x0000000704e00000| PB 0x0000000704e00000| Untracked 
|   2|0x0000000705000000, 0x0000000705000000, 0x0000000705200000|  0%| F|  |TAMS 0x0000000705000000| PB 0x0000000705000000| Untracked 
|   3|0x0000000705200000, 0x0000000705200000, 0x0000000705400000|  0%| F|  |TAMS 0x0000000705200000| PB 0x0000000705200000| Untracked 
|   4|0x0000000705400000, 0x0000000705400000, 0x0000000705600000|  0%| F|  |TAMS 0x0000000705400000| PB 0x0000000705400000| Untracked 
|   5|0x0000000705600000, 0x0000000705600000, 0x0000000705800000|  0%| F|  |TAMS 0x0000000705600000| PB 0x0000000705600000| Untracked 
|   6|0x0000000705800000, 0x0000000705800000, 0x0000000705a00000|  0%| F|  |TAMS 0x0000000705800000| PB 0x0000000705800000| Untracked 
|   7|0x0000000705a00000, 0x0000000705a00000, 0x0000000705c00000|  0%| F|  |TAMS 0x0000000705a00000| PB 0x0000000705a00000| Untracked 
|   8|0x0000000705c00000, 0x0000000705c00000, 0x0000000705e00000|  0%| F|  |TAMS 0x0000000705c00000| PB 0x0000000705c00000| Untracked 
|   9|0x0000000705e00000, 0x0000000705e00000, 0x0000000706000000|  0%| F|  |TAMS 0x0000000705e00000| PB 0x0000000705e00000| Untracked 
|  10|0x0000000706000000, 0x0000000706000000, 0x0000000706200000|  0%| F|  |TAMS 0x0000000706000000| PB 0x0000000706000000| Untracked 
|  11|0x0000000706200000, 0x0000000706200000, 0x0000000706400000|  0%| F|  |TAMS 0x0000000706200000| PB 0x0000000706200000| Untracked 
|  12|0x0000000706400000, 0x0000000706400000, 0x0000000706600000|  0%| F|  |TAMS 0x0000000706400000| PB 0x0000000706400000| Untracked 
|  13|0x0000000706600000, 0x0000000706600000, 0x0000000706800000|  0%| F|  |TAMS 0x0000000706600000| PB 0x0000000706600000| Untracked 
|  14|0x0000000706800000, 0x0000000706800000, 0x0000000706a00000|  0%| F|  |TAMS 0x0000000706800000| PB 0x0000000706800000| Untracked 
|  15|0x0000000706a00000, 0x0000000706a00000, 0x0000000706c00000|  0%| F|  |TAMS 0x0000000706a00000| PB 0x0000000706a00000| Untracked 
|  16|0x0000000706c00000, 0x0000000706c00000, 0x0000000706e00000|  0%| F|  |TAMS 0x0000000706c00000| PB 0x0000000706c00000| Untracked 
|  17|0x0000000706e00000, 0x0000000706e00000, 0x0000000707000000|  0%| F|  |TAMS 0x0000000706e00000| PB 0x0000000706e00000| Untracked 
|  18|0x0000000707000000, 0x0000000707000000, 0x0000000707200000|  0%| F|  |TAMS 0x0000000707000000| PB 0x0000000707000000| Untracked 
|  19|0x0000000707200000, 0x0000000707200000, 0x0000000707400000|  0%| F|  |TAMS 0x0000000707200000| PB 0x0000000707200000| Untracked 
|  20|0x0000000707400000, 0x0000000707400000, 0x0000000707600000|  0%| F|  |TAMS 0x0000000707400000| PB 0x0000000707400000| Untracked 
|  21|0x0000000707600000, 0x0000000707600000, 0x0000000707800000|  0%| F|  |TAMS 0x0000000707600000| PB 0x0000000707600000| Untracked 
|  22|0x0000000707800000, 0x0000000707800000, 0x0000000707a00000|  0%| F|  |TAMS 0x0000000707800000| PB 0x0000000707800000| Untracked 
|  23|0x0000000707a00000, 0x0000000707a00000, 0x0000000707c00000|  0%| F|  |TAMS 0x0000000707a00000| PB 0x0000000707a00000| Untracked 
|  24|0x0000000707c00000, 0x0000000707c00000, 0x0000000707e00000|  0%| F|  |TAMS 0x0000000707c00000| PB 0x0000000707c00000| Untracked 
|  25|0x0000000707e00000, 0x0000000707e00000, 0x0000000708000000|  0%| F|  |TAMS 0x0000000707e00000| PB 0x0000000707e00000| Untracked 
|  26|0x0000000708000000, 0x0000000708000000, 0x0000000708200000|  0%| F|  |TAMS 0x0000000708000000| PB 0x0000000708000000| Untracked 
|  27|0x0000000708200000, 0x0000000708200000, 0x0000000708400000|  0%| F|  |TAMS 0x0000000708200000| PB 0x0000000708200000| Untracked 
|  28|0x0000000708400000, 0x0000000708400000, 0x0000000708600000|  0%| F|  |TAMS 0x0000000708400000| PB 0x0000000708400000| Untracked 
|  29|0x0000000708600000, 0x0000000708600000, 0x0000000708800000|  0%| F|  |TAMS 0x0000000708600000| PB 0x0000000708600000| Untracked 
|  30|0x0000000708800000, 0x0000000708800000, 0x0000000708a00000|  0%| F|  |TAMS 0x0000000708800000| PB 0x0000000708800000| Untracked 
|  31|0x0000000708a00000, 0x0000000708a00000, 0x0000000708c00000|  0%| F|  |TAMS 0x0000000708a00000| PB 0x0000000708a00000| Untracked 
|  32|0x0000000708c00000, 0x0000000708c00000, 0x0000000708e00000|  0%| F|  |TAMS 0x0000000708c00000| PB 0x0000000708c00000| Untracked 
|  33|0x0000000708e00000, 0x0000000708e00000, 0x0000000709000000|  0%| F|  |TAMS 0x0000000708e00000| PB 0x0000000708e00000| Untracked 
|  34|0x0000000709000000, 0x0000000709000000, 0x0000000709200000|  0%| F|  |TAMS 0x0000000709000000| PB 0x0000000709000000| Untracked 
|  35|0x0000000709200000, 0x0000000709200000, 0x0000000709400000|  0%| F|  |TAMS 0x0000000709200000| PB 0x0000000709200000| Untracked 
|  36|0x0000000709400000, 0x0000000709400000, 0x0000000709600000|  0%| F|  |TAMS 0x0000000709400000| PB 0x0000000709400000| Untracked 
|  37|0x0000000709600000, 0x0000000709600000, 0x0000000709800000|  0%| F|  |TAMS 0x0000000709600000| PB 0x0000000709600000| Untracked 
|  38|0x0000000709800000, 0x0000000709800000, 0x0000000709a00000|  0%| F|  |TAMS 0x0000000709800000| PB 0x0000000709800000| Untracked 
|  39|0x0000000709a00000, 0x0000000709a00000, 0x0000000709c00000|  0%| F|  |TAMS 0x0000000709a00000| PB 0x0000000709a00000| Untracked 
|  40|0x0000000709c00000, 0x0000000709c00000, 0x0000000709e00000|  0%| F|  |TAMS 0x0000000709c00000| PB 0x0000000709c00000| Untracked 
|  41|0x0000000709e00000, 0x0000000709e00000, 0x000000070a000000|  0%| F|  |TAMS 0x0000000709e00000| PB 0x0000000709e00000| Untracked 
|  42|0x000000070a000000, 0x000000070a000000, 0x000000070a200000|  0%| F|  |TAMS 0x000000070a000000| PB 0x000000070a000000| Untracked 
|  43|0x000000070a200000, 0x000000070a200000, 0x000000070a400000|  0%| F|  |TAMS 0x000000070a200000| PB 0x000000070a200000| Untracked 
|  44|0x000000070a400000, 0x000000070a400000, 0x000000070a600000|  0%| F|  |TAMS 0x000000070a400000| PB 0x000000070a400000| Untracked 
|  45|0x000000070a600000, 0x000000070a600000, 0x000000070a800000|  0%| F|  |TAMS 0x000000070a600000| PB 0x000000070a600000| Untracked 
|  46|0x000000070a800000, 0x000000070a800000, 0x000000070aa00000|  0%| F|  |TAMS 0x000000070a800000| PB 0x000000070a800000| Untracked 
|  47|0x000000070aa00000, 0x000000070aa00000, 0x000000070ac00000|  0%| F|  |TAMS 0x000000070aa00000| PB 0x000000070aa00000| Untracked 
|  48|0x000000070ac00000, 0x000000070ac00000, 0x000000070ae00000|  0%| F|  |TAMS 0x000000070ac00000| PB 0x000000070ac00000| Untracked 
|  49|0x000000070ae00000, 0x000000070ae00000, 0x000000070b000000|  0%| F|  |TAMS 0x000000070ae00000| PB 0x000000070ae00000| Untracked 
|  50|0x000000070b000000, 0x000000070b000000, 0x000000070b200000|  0%| F|  |TAMS 0x000000070b000000| PB 0x000000070b000000| Untracked 
|  51|0x000000070b200000, 0x000000070b200000, 0x000000070b400000|  0%| F|  |TAMS 0x000000070b200000| PB 0x000000070b200000| Untracked 
|  52|0x000000070b400000, 0x000000070b400000, 0x000000070b600000|  0%| F|  |TAMS 0x000000070b400000| PB 0x000000070b400000| Untracked 
|  53|0x000000070b600000, 0x000000070b600000, 0x000000070b800000|  0%| F|  |TAMS 0x000000070b600000| PB 0x000000070b600000| Untracked 
|  54|0x000000070b800000, 0x000000070b800000, 0x000000070ba00000|  0%| F|  |TAMS 0x000000070b800000| PB 0x000000070b800000| Untracked 
|  55|0x000000070ba00000, 0x000000070ba00000, 0x000000070bc00000|  0%| F|  |TAMS 0x000000070ba00000| PB 0x000000070ba00000| Untracked 
|  56|0x000000070bc00000, 0x000000070bc00000, 0x000000070be00000|  0%| F|  |TAMS 0x000000070bc00000| PB 0x000000070bc00000| Untracked 
|  57|0x000000070be00000, 0x000000070be00000, 0x000000070c000000|  0%| F|  |TAMS 0x000000070be00000| PB 0x000000070be00000| Untracked 
|  58|0x000000070c000000, 0x000000070c000000, 0x000000070c200000|  0%| F|  |TAMS 0x000000070c000000| PB 0x000000070c000000| Untracked 
|  59|0x000000070c200000, 0x000000070c200000, 0x000000070c400000|  0%| F|  |TAMS 0x000000070c200000| PB 0x000000070c200000| Untracked 
|  60|0x000000070c400000, 0x000000070c400000, 0x000000070c600000|  0%| F|  |TAMS 0x000000070c400000| PB 0x000000070c400000| Untracked 
|  61|0x000000070c600000, 0x000000070c600000, 0x000000070c800000|  0%| F|  |TAMS 0x000000070c600000| PB 0x000000070c600000| Untracked 
|  62|0x000000070c800000, 0x000000070c800000, 0x000000070ca00000|  0%| F|  |TAMS 0x000000070c800000| PB 0x000000070c800000| Untracked 
|  63|0x000000070ca00000, 0x000000070ca00000, 0x000000070cc00000|  0%| F|  |TAMS 0x000000070ca00000| PB 0x000000070ca00000| Untracked 
|  64|0x000000070cc00000, 0x000000070cc00000, 0x000000070ce00000|  0%| F|  |TAMS 0x000000070cc00000| PB 0x000000070cc00000| Untracked 
|  65|0x000000070ce00000, 0x000000070ce00000, 0x000000070d000000|  0%| F|  |TAMS 0x000000070ce00000| PB 0x000000070ce00000| Untracked 
|  66|0x000000070d000000, 0x000000070d000000, 0x000000070d200000|  0%| F|  |TAMS 0x000000070d000000| PB 0x000000070d000000| Untracked 
|  67|0x000000070d200000, 0x000000070d200000, 0x000000070d400000|  0%| F|  |TAMS 0x000000070d200000| PB 0x000000070d200000| Untracked 
|  68|0x000000070d400000, 0x000000070d400000, 0x000000070d600000|  0%| F|  |TAMS 0x000000070d400000| PB 0x000000070d400000| Untracked 
|  69|0x000000070d600000, 0x000000070d600000, 0x000000070d800000|  0%| F|  |TAMS 0x000000070d600000| PB 0x000000070d600000| Untracked 
|  70|0x000000070d800000, 0x000000070d800000, 0x000000070da00000|  0%| F|  |TAMS 0x000000070d800000| PB 0x000000070d800000| Untracked 
|  71|0x000000070da00000, 0x000000070da00000, 0x000000070dc00000|  0%| F|  |TAMS 0x000000070da00000| PB 0x000000070da00000| Untracked 
|  72|0x000000070dc00000, 0x000000070dc00000, 0x000000070de00000|  0%| F|  |TAMS 0x000000070dc00000| PB 0x000000070dc00000| Untracked 
|  73|0x000000070de00000, 0x000000070de00000, 0x000000070e000000|  0%| F|  |TAMS 0x000000070de00000| PB 0x000000070de00000| Untracked 
|  74|0x000000070e000000, 0x000000070e000000, 0x000000070e200000|  0%| F|  |TAMS 0x000000070e000000| PB 0x000000070e000000| Untracked 
|  75|0x000000070e200000, 0x000000070e200000, 0x000000070e400000|  0%| F|  |TAMS 0x000000070e200000| PB 0x000000070e200000| Untracked 
|  76|0x000000070e400000, 0x000000070e400000, 0x000000070e600000|  0%| F|  |TAMS 0x000000070e400000| PB 0x000000070e400000| Untracked 
|  77|0x000000070e600000, 0x000000070e600000, 0x000000070e800000|  0%| F|  |TAMS 0x000000070e600000| PB 0x000000070e600000| Untracked 
|  78|0x000000070e800000, 0x000000070e800000, 0x000000070ea00000|  0%| F|  |TAMS 0x000000070e800000| PB 0x000000070e800000| Untracked 
|  79|0x000000070ea00000, 0x000000070ea00000, 0x000000070ec00000|  0%| F|  |TAMS 0x000000070ea00000| PB 0x000000070ea00000| Untracked 
|  80|0x000000070ec00000, 0x000000070ec00000, 0x000000070ee00000|  0%| F|  |TAMS 0x000000070ec00000| PB 0x000000070ec00000| Untracked 
|  81|0x000000070ee00000, 0x000000070ee00000, 0x000000070f000000|  0%| F|  |TAMS 0x000000070ee00000| PB 0x000000070ee00000| Untracked 
|  82|0x000000070f000000, 0x000000070f000000, 0x000000070f200000|  0%| F|  |TAMS 0x000000070f000000| PB 0x000000070f000000| Untracked 
|  83|0x000000070f200000, 0x000000070f200000, 0x000000070f400000|  0%| F|  |TAMS 0x000000070f200000| PB 0x000000070f200000| Untracked 
|  84|0x000000070f400000, 0x000000070f400000, 0x000000070f600000|  0%| F|  |TAMS 0x000000070f400000| PB 0x000000070f400000| Untracked 
|  85|0x000000070f600000, 0x000000070f600000, 0x000000070f800000|  0%| F|  |TAMS 0x000000070f600000| PB 0x000000070f600000| Untracked 
|  86|0x000000070f800000, 0x000000070f800000, 0x000000070fa00000|  0%| F|  |TAMS 0x000000070f800000| PB 0x000000070f800000| Untracked 
|  87|0x000000070fa00000, 0x000000070fa00000, 0x000000070fc00000|  0%| F|  |TAMS 0x000000070fa00000| PB 0x000000070fa00000| Untracked 
|  88|0x000000070fc00000, 0x000000070fc00000, 0x000000070fe00000|  0%| F|  |TAMS 0x000000070fc00000| PB 0x000000070fc00000| Untracked 
|  89|0x000000070fe00000, 0x000000070fe00000, 0x0000000710000000|  0%| F|  |TAMS 0x000000070fe00000| PB 0x000000070fe00000| Untracked 
|  90|0x0000000710000000, 0x0000000710000000, 0x0000000710200000|  0%| F|  |TAMS 0x0000000710000000| PB 0x0000000710000000| Untracked 
|  91|0x0000000710200000, 0x0000000710200000, 0x0000000710400000|  0%| F|  |TAMS 0x0000000710200000| PB 0x0000000710200000| Untracked 
|  92|0x0000000710400000, 0x0000000710400000, 0x0000000710600000|  0%| F|  |TAMS 0x0000000710400000| PB 0x0000000710400000| Untracked 
|  93|0x0000000710600000, 0x0000000710600000, 0x0000000710800000|  0%| F|  |TAMS 0x0000000710600000| PB 0x0000000710600000| Untracked 
|  94|0x0000000710800000, 0x0000000710800000, 0x0000000710a00000|  0%| F|  |TAMS 0x0000000710800000| PB 0x0000000710800000| Untracked 
|  95|0x0000000710a00000, 0x0000000710a00000, 0x0000000710c00000|  0%| F|  |TAMS 0x0000000710a00000| PB 0x0000000710a00000| Untracked 
|  96|0x0000000710c00000, 0x0000000710c00000, 0x0000000710e00000|  0%| F|  |TAMS 0x0000000710c00000| PB 0x0000000710c00000| Untracked 
|  97|0x0000000710e00000, 0x0000000710e00000, 0x0000000711000000|  0%| F|  |TAMS 0x0000000710e00000| PB 0x0000000710e00000| Untracked 
|  98|0x0000000711000000, 0x0000000711000000, 0x0000000711200000|  0%| F|  |TAMS 0x0000000711000000| PB 0x0000000711000000| Untracked 
|  99|0x0000000711200000, 0x0000000711200000, 0x0000000711400000|  0%| F|  |TAMS 0x0000000711200000| PB 0x0000000711200000| Untracked 
| 100|0x0000000711400000, 0x0000000711400000, 0x0000000711600000|  0%| F|  |TAMS 0x0000000711400000| PB 0x0000000711400000| Untracked 
| 101|0x0000000711600000, 0x0000000711600000, 0x0000000711800000|  0%| F|  |TAMS 0x0000000711600000| PB 0x0000000711600000| Untracked 
| 102|0x0000000711800000, 0x0000000711800000, 0x0000000711a00000|  0%| F|  |TAMS 0x0000000711800000| PB 0x0000000711800000| Untracked 
| 103|0x0000000711a00000, 0x0000000711a00000, 0x0000000711c00000|  0%| F|  |TAMS 0x0000000711a00000| PB 0x0000000711a00000| Untracked 
| 104|0x0000000711c00000, 0x0000000711c00000, 0x0000000711e00000|  0%| F|  |TAMS 0x0000000711c00000| PB 0x0000000711c00000| Untracked 
| 105|0x0000000711e00000, 0x0000000711e00000, 0x0000000712000000|  0%| F|  |TAMS 0x0000000711e00000| PB 0x0000000711e00000| Untracked 
| 106|0x0000000712000000, 0x0000000712000000, 0x0000000712200000|  0%| F|  |TAMS 0x0000000712000000| PB 0x0000000712000000| Untracked 
| 107|0x0000000712200000, 0x0000000712200000, 0x0000000712400000|  0%| F|  |TAMS 0x0000000712200000| PB 0x0000000712200000| Untracked 
| 108|0x0000000712400000, 0x0000000712400000, 0x0000000712600000|  0%| F|  |TAMS 0x0000000712400000| PB 0x0000000712400000| Untracked 
| 109|0x0000000712600000, 0x0000000712600000, 0x0000000712800000|  0%| F|  |TAMS 0x0000000712600000| PB 0x0000000712600000| Untracked 
| 110|0x0000000712800000, 0x0000000712800000, 0x0000000712a00000|  0%| F|  |TAMS 0x0000000712800000| PB 0x0000000712800000| Untracked 
| 111|0x0000000712a00000, 0x0000000712a00000, 0x0000000712c00000|  0%| F|  |TAMS 0x0000000712a00000| PB 0x0000000712a00000| Untracked 
| 112|0x0000000712c00000, 0x0000000712c00000, 0x0000000712e00000|  0%| F|  |TAMS 0x0000000712c00000| PB 0x0000000712c00000| Untracked 
| 113|0x0000000712e00000, 0x0000000712e00000, 0x0000000713000000|  0%| F|  |TAMS 0x0000000712e00000| PB 0x0000000712e00000| Untracked 
| 114|0x0000000713000000, 0x0000000713000000, 0x0000000713200000|  0%| F|  |TAMS 0x0000000713000000| PB 0x0000000713000000| Untracked 
| 115|0x0000000713200000, 0x0000000713200000, 0x0000000713400000|  0%| F|  |TAMS 0x0000000713200000| PB 0x0000000713200000| Untracked 
| 116|0x0000000713400000, 0x0000000713400000, 0x0000000713600000|  0%| F|  |TAMS 0x0000000713400000| PB 0x0000000713400000| Untracked 
| 117|0x0000000713600000, 0x0000000713600000, 0x0000000713800000|  0%| F|  |TAMS 0x0000000713600000| PB 0x0000000713600000| Untracked 
| 118|0x0000000713800000, 0x0000000713800000, 0x0000000713a00000|  0%| F|  |TAMS 0x0000000713800000| PB 0x0000000713800000| Untracked 
| 119|0x0000000713a00000, 0x0000000713a00000, 0x0000000713c00000|  0%| F|  |TAMS 0x0000000713a00000| PB 0x0000000713a00000| Untracked 
| 120|0x0000000713c00000, 0x0000000713c71250, 0x0000000713e00000| 22%| E|  |TAMS 0x0000000713c00000| PB 0x0000000713c00000| Complete 
| 121|0x0000000713e00000, 0x0000000714000000, 0x0000000714000000|100%| E|CS|TAMS 0x0000000713e00000| PB 0x0000000713e00000| Complete 
| 122|0x0000000714000000, 0x0000000714200000, 0x0000000714200000|100%| E|CS|TAMS 0x0000000714000000| PB 0x0000000714000000| Complete 
| 123|0x0000000714200000, 0x0000000714400000, 0x0000000714400000|100%| E|CS|TAMS 0x0000000714200000| PB 0x0000000714200000| Complete 
| 124|0x0000000714400000, 0x0000000714600000, 0x0000000714600000|100%| E|CS|TAMS 0x0000000714400000| PB 0x0000000714400000| Complete 
| 125|0x0000000714600000, 0x0000000714800000, 0x0000000714800000|100%| E|CS|TAMS 0x0000000714600000| PB 0x0000000714600000| Complete 

Card table byte_map: [0x000002344d7b0000,0x000002344df90000] _byte_map_base: 0x0000023449f8a000

Marking Bits: (CMBitMap*) 0x00000234358b6f00
 Bits: [0x000002344df90000, 0x0000023451e60000)

Polling page: 0x00000234337f0000

Metaspace:

Usage:
  Non-class:      1.81 MB used.
      Class:    260.44 KB used.
       Both:      2.07 MB used.

Virtual space:
  Non-class space:       64.00 MB reserved,       1.94 MB (  3%) committed,  1 nodes.
      Class space:        1.00 GB reserved,     384.00 KB ( <1%) committed,  1 nodes.
             Both:        1.06 GB reserved,       2.31 MB ( <1%) committed. 

Chunk freelists:
   Non-Class:  10.92 MB
       Class:  15.49 MB
        Both:  26.40 MB

MaxMetaspaceSize: unlimited
CompressedClassSpaceSize: 1.00 GB
Initial GC threshold: 21.00 MB
Current GC threshold: 21.00 MB
CDS: on
 - commit_granule_bytes: 65536.
 - commit_granule_words: 8192.
 - virtual_space_node_default_size: 8388608.
 - enlarge_chunks_in_place: 1.
 - use_allocation_guard: 0.


Internal statistics:

num_allocs_failed_limit: 0.
num_arena_births: 164.
num_arena_deaths: 0.
num_vsnodes_births: 2.
num_vsnodes_deaths: 0.
num_space_committed: 37.
num_space_uncommitted: 0.
num_chunks_returned_to_freelist: 0.
num_chunks_taken_from_freelist: 256.
num_chunk_merges: 0.
num_chunk_splits: 161.
num_chunks_enlarged: 82.
num_inconsistent_stats: 0.

CodeHeap 'non-profiled nmethods': size=120000Kb used=239Kb max_used=239Kb free=119760Kb
 bounds [0x0000023445770000, 0x00000234459e0000, 0x000002344cca0000]
CodeHeap 'profiled nmethods': size=120000Kb used=1135Kb max_used=1135Kb free=118864Kb
 bounds [0x000002343dca0000, 0x000002343df10000, 0x00000234451d0000]
CodeHeap 'non-nmethods': size=5760Kb used=1459Kb max_used=1473Kb free=4300Kb
 bounds [0x00000234451d0000, 0x0000023445440000, 0x0000023445770000]
 total_blobs=1162 nmethods=723 adapters=344
 compilation: enabled
              stopped_count=0, restarted_count=0
 full_count=0

Compilation events (20 events):
Event: 0.243 Thread 0x00000234548ab140  615       3       java.lang.invoke.LambdaFormEditor$TransformKey::bval (26 bytes)
Event: 0.243 Thread 0x00000234548ab140 nmethod 615 0x000002343dd85a10 code [0x000002343dd85ba0, 0x000002343dd85ca8]
Event: 0.244 Thread 0x00000234548ab140  618       3       java.lang.invoke.LambdaFormEditor$TransformKey::ival (25 bytes)
Event: 0.244 Thread 0x00000234548ab140 nmethod 618 0x000002343dd85d10 code [0x000002343dd85ea0, 0x000002343dd85fa0]
Event: 0.244 Thread 0x00000234548ab140  619       3       java.lang.invoke.LambdaFormBuffer::changeName (149 bytes)
Event: 0.245 Thread 0x00000234548ab140 nmethod 619 0x000002343dd86010 code [0x000002343dd86200, 0x000002343dd86758]
Event: 0.245 Thread 0x00000234548ab140  622       3       java.lang.invoke.InvokerBytecodeGenerator::emitPushArgument (150 bytes)
Event: 0.245 Thread 0x00000234548ab140 nmethod 622 0x000002343dd86910 code [0x000002343dd86c00, 0x000002343dd879f8]
Event: 0.245 Thread 0x00000234548ab140  621       3       java.lang.invoke.InvokerBytecodeGenerator::emitLoadInsn (21 bytes)
Event: 0.246 Thread 0x00000234548ab140 nmethod 621 0x000002343dd87d90 code [0x000002343dd87f60, 0x000002343dd881c8]
Event: 0.246 Thread 0x00000234548ab140  623       3       java.lang.invoke.LambdaForm::useCount (61 bytes)
Event: 0.246 Thread 0x00000234548ab140 nmethod 623 0x000002343dd88310 code [0x000002343dd884e0, 0x000002343dd88848]
Event: 0.246 Thread 0x00000234548ab140  620       3       sun.invoke.util.Wrapper::forPrimitiveType (122 bytes)
Event: 0.246 Thread 0x00000234548ab140 nmethod 620 0x000002343dd88a10 code [0x000002343dd88ce0, 0x000002343dd89830]
Event: 0.247 Thread 0x0000023454dfb8e0  626       4       jdk.internal.org.objectweb.asm.Symbol::<init> (38 bytes)
Event: 0.247 Thread 0x00000234548a7590  627       4       jdk.internal.org.objectweb.asm.SymbolTable::put (150 bytes)
Event: 0.248 Thread 0x00000234548ab140  631       3       java.util.Arrays::fill (28 bytes)
Event: 0.248 Thread 0x00000234548ab140 nmethod 631 0x000002343dd89b10 code [0x000002343dd89ce0, 0x000002343dd8a088]
Event: 0.248 Thread 0x00000234548ab140  632       3       java.lang.reflect.Modifier::isPrivate (12 bytes)
Event: 0.248 Thread 0x00000234548ab140 nmethod 632 0x000002343dd8a210 code [0x000002343dd8a3a0, 0x000002343dd8a4f0]

GC Heap History (0 events):
No events

Dll operation events (5 events):
Event: 0.006 Loaded shared library C:\Program Files\Java\jdk-21\bin\java.dll
Event: 0.032 Loaded shared library C:\Program Files\Java\jdk-21\bin\jsvml.dll
Event: 0.043 Loaded shared library C:\Program Files\Java\jdk-21\bin\net.dll
Event: 0.045 Loaded shared library C:\Program Files\Java\jdk-21\bin\nio.dll
Event: 0.047 Loaded shared library C:\Program Files\Java\jdk-21\bin\zip.dll

Deoptimization events (4 events):
Event: 0.085 Thread 0x000002343362e120 DEOPT PACKING pc=0x000002343dcba299 sp=0x00000040004fd390
Event: 0.085 Thread 0x000002343362e120 DEOPT UNPACKING pc=0x00000234452288e2 sp=0x00000040004fc7b0 mode 0
Event: 0.087 Thread 0x000002343362e120 DEOPT PACKING pc=0x000002343dcb0c61 sp=0x00000040004fd880
Event: 0.087 Thread 0x000002343362e120 DEOPT UNPACKING pc=0x00000234452288e2 sp=0x00000040004fcce8 mode 0

Classes loaded (20 events):
Event: 0.108 Loading class java/io/IOException
Event: 0.108 Loading class java/io/IOException done
Event: 0.108 Loading class java/io/StringReader
Event: 0.108 Loading class java/io/StringReader done
Event: 0.128 Loading class java/lang/NoSuchFieldError
Event: 0.128 Loading class java/lang/NoSuchFieldError done
Event: 0.129 Loading class java/util/NoSuchElementException
Event: 0.129 Loading class java/util/NoSuchElementException done
Event: 0.150 Loading class java/lang/invoke/DirectMethodHandle$Special
Event: 0.150 Loading class java/lang/invoke/DirectMethodHandle$Special done
Event: 0.160 Loading class java/io/StringWriter
Event: 0.160 Loading class java/io/StringWriter done
Event: 0.160 Loading class java/io/FileWriter
Event: 0.160 Loading class java/io/FileWriter done
Event: 0.188 Loading class sun/nio/cs/StreamDecoder
Event: 0.188 Loading class sun/nio/cs/StreamDecoder done
Event: 0.188 Loading class sun/nio/cs/UTF_8$Decoder
Event: 0.188 Loading class sun/nio/cs/UTF_8$Decoder done
Event: 0.212 Loading class java/lang/IndexOutOfBoundsException
Event: 0.212 Loading class java/lang/IndexOutOfBoundsException done

Classes unloaded (0 events):
No events

Classes redefined (0 events):
No events

Internal exceptions (12 events):
Event: 0.076 Thread 0x000002343362e120 Exception <a 'java/lang/NoSuchMethodError'{0x0000000714561af0}: 'java.lang.Object java.lang.invoke.DirectMethodHandle$Holder.invokeStatic(java.lang.Object, java.lang.Object, java.lang.Object, java.lang.Object, java.lang.Object, java.lang.Object, java.lang.Object, java.lang.Object, java.lang.Object, java.lang.Object, java.lang.Object, java.lang.Object, java.lang.Object)'> (0x0000000714561af0) 
thrown [s\open\src\hotspot\share\interpreter\linkResolver.cpp, line 773]
Event: 0.079 Thread 0x000002343362e120 Exception <a 'java/lang/NoSuchMethodError'{0x0000000714581a98}: 'java.lang.Object java.lang.invoke.DirectMethodHandle$Holder.invokeStatic(java.lang.Object, java.lang.Object, java.lang.Object, java.lang.Object, java.lang.Object, java.lang.Object, java.lang.Object, java.lang.Object, java.lang.Object, java.lang.Object, java.lang.Object, java.lang.Object, java.lang.Object, java.lang.Object)'> (0x0000000714581a98) 
thrown [s\open\src\hotspot\share\interpreter\linkResolver.cpp, line 773]
Event: 0.081 Thread 0x000002343362e120 Exception <a 'java/lang/NoSuchMethodError'{0x00000007145a2940}: 'java.lang.Object java.lang.invoke.DirectMethodHandle$Holder.invokeStatic(java.lang.Object, java.lang.Object, java.lang.Object, java.lang.Object, java.lang.Object, java.lang.Object, java.lang.Object, java.lang.Object, java.lang.Object, java.lang.Object, java.lang.Object, java.lang.Object, java.lang.Object, java.lang.Object, java.lang.Object)'> (0x00000007145a2940) 
thrown [s\open\src\hotspot\share\interpreter\linkResolver.cpp, line 773]
Event: 0.083 Thread 0x000002343362e120 Exception <a 'java/lang/NoSuchMethodError'{0x00000007145c5840}: 'java.lang.Object java.lang.invoke.DirectMethodHandle$Holder.invokeStatic(java.lang.Object, java.lang.Object, java.lang.Object, java.lang.Object, java.lang.Object, java.lang.Object, java.lang.Object, java.lang.Object, java.lang.Object, java.lang.Object, java.lang.Object, java.lang.Object, java.lang.Object, java.lang.Object, java.lang.Object, java.lang.Object)'> (0x00000007145c5840) 
thrown [s\open\src\hotspot\share\interpreter\linkResolver.cpp
Event: 0.085 Thread 0x000002343362e120 Exception <a 'java/lang/NoSuchMethodError'{0x00000007145d4f80}: 'java.lang.Object java.lang.invoke.DirectMethodHandle$Holder.invokeSpecial(java.lang.Object, java.lang.Object, long, java.lang.Object, java.lang.Object, java.lang.Object, java.lang.Object, java.lang.Object, java.lang.Object, java.lang.Object, java.lang.Object, java.lang.Object, java.lang.Object, java.lang.Object, java.lang.Object, java.lang.Object, java.lang.Object, java.lang.Object, java.lang.Object, java.lang.Object, java.lang.Object, java.l
Event: 0.085 Thread 0x000002343362e120 Exception <a 'java/lang/NoSuchMethodError'{0x00000007145dae68}: 'java.lang.Object java.lang.invoke.DelegatingMethodHandle$Holder.reinvoke_L(java.lang.Object, long, java.lang.Object, java.lang.Object, java.lang.Object, java.lang.Object, java.lang.Object, java.lang.Object, java.lang.Object, java.lang.Object, java.lang.Object, java.lang.Object, java.lang.Object, java.lang.Object, java.lang.Object, java.lang.Object, java.lang.Object, java.lang.Object, java.lang.Object, java.lang.Object, java.lang.Object, java.
Event: 0.090 Thread 0x000002343362e120 Exception <a 'java/lang/NoSuchMethodError'{0x00000007142115d0}: 'java.lang.Object java.lang.invoke.Invokers$Holder.linkToTargetMethod(java.lang.Object, java.lang.Object, java.lang.Object, java.lang.Object, java.lang.Object, java.lang.Object, java.lang.Object, java.lang.Object, java.lang.Object, java.lang.Object, java.lang.Object, java.lang.Object, java.lang.Object, java.lang.Object, java.lang.Object, java.lang.Object, java.lang.Object, java.lang.Object, java.lang.Object, java.lang.Object, java.lang.Object,
Event: 0.091 Thread 0x000002343362e120 Exception <a 'java/lang/NoSuchMethodError'{0x000000071421c4f8}: 'void java.lang.invoke.DirectMethodHandle$Holder.invokeStatic(java.lang.Object, java.lang.Object, java.lang.Object)'> (0x000000071421c4f8) 
thrown [s\open\src\hotspot\share\interpreter\linkResolver.cpp, line 773]
Event: 0.092 Thread 0x000002343362e120 Exception <a 'java/lang/NoSuchMethodError'{0x000000071421fad0}: 'void java.lang.invoke.DirectMethodHandle$Holder.invokeStaticInit(java.lang.Object, java.lang.Object, java.lang.Object)'> (0x000000071421fad0) 
thrown [s\open\src\hotspot\share\interpreter\linkResolver.cpp, line 773]
Event: 0.139 Thread 0x000002343362e120 Exception <a 'java/lang/NoSuchMethodError'{0x00000007140025b0}: 'void java.lang.invoke.DirectMethodHandle$Holder.invokeStatic(java.lang.Object, java.lang.Object)'> (0x00000007140025b0) 
thrown [s\open\src\hotspot\share\interpreter\linkResolver.cpp, line 773]
Event: 0.163 Thread 0x000002343362e120 Exception <a 'java/lang/NoSuchMethodError'{0x000000071409b2a8}: 'void java.lang.invoke.DirectMethodHandle$Holder.invokeStatic(java.lang.Object, java.lang.Object, java.lang.Object, java.lang.Object)'> (0x000000071409b2a8) 
thrown [s\open\src\hotspot\share\interpreter\linkResolver.cpp, line 773]
Event: 0.166 Thread 0x000002343362e120 Exception <a 'java/lang/NoSuchMethodError'{0x00000007140b3cc0}: 'void java.lang.invoke.DirectMethodHandle$Holder.invokeSpecial(java.lang.Object, java.lang.Object, java.lang.Object, java.lang.Object, java.lang.Object)'> (0x00000007140b3cc0) 
thrown [s\open\src\hotspot\share\interpreter\linkResolver.cpp, line 773]

ZGC Phase Switch (0 events):
No events

VM Operations (4 events):
Event: 0.048 Executing VM operation: HandshakeAllThreads (Deoptimize)
Event: 0.048 Executing VM operation: HandshakeAllThreads (Deoptimize) done
Event: 0.092 Executing VM operation: HandshakeAllThreads (Deoptimize)
Event: 0.092 Executing VM operation: HandshakeAllThreads (Deoptimize) done

Events (13 events):
Event: 0.018 Thread 0x000002343362e120 Thread added: 0x000002343362e120
Event: 0.029 Thread 0x00000234548948e0 Thread added: 0x00000234548948e0
Event: 0.029 Thread 0x0000023454896550 Thread added: 0x0000023454896550
Event: 0.030 Thread 0x00000234548996d0 Thread added: 0x00000234548996d0
Event: 0.030 Thread 0x000002345489a740 Thread added: 0x000002345489a740
Event: 0.030 Thread 0x000002345489d7c0 Thread added: 0x000002345489d7c0
Event: 0.030 Thread 0x00000234548a1e50 Thread added: 0x00000234548a1e50
Event: 0.030 Thread 0x00000234548a7590 Thread added: 0x00000234548a7590
Event: 0.030 Thread 0x00000234548ab140 Thread added: 0x00000234548ab140
Event: 0.040 Thread 0x0000023454b5c270 Thread added: 0x0000023454b5c270
Event: 0.041 Thread 0x0000023454b5edb0 Thread added: 0x0000023454b5edb0
Event: 0.196 Thread 0x0000023454dfb8e0 Thread added: 0x0000023454dfb8e0
Event: 0.201 Thread 0x0000023454dfe780 Thread added: 0x0000023454dfe780


Dynamic libraries:
0x00007ff6d5700000 - 0x00007ff6d5710000 	C:\Program Files\Java\jdk-21\bin\java.exe
0x00007ffcc5a90000 - 0x00007ffcc5ca7000 	C:\WINDOWS\SYSTEM32\ntdll.dll
0x00007ffc96f40000 - 0x00007ffc96f5a000 	C:\Program Files\Avast Software\Avast\aswhook.dll
0x00007ffcc37d0000 - 0x00007ffcc3894000 	C:\WINDOWS\System32\KERNEL32.DLL
0x00007ffcc3260000 - 0x00007ffcc360d000 	C:\WINDOWS\System32\KERNELBASE.dll
0x00007ffcc36b0000 - 0x00007ffcc37c1000 	C:\WINDOWS\System32\ucrtbase.dll
0x00007ffca5370000 - 0x00007ffca5389000 	C:\Program Files\Java\jdk-21\bin\jli.dll
0x00007ffca4880000 - 0x00007ffca489b000 	C:\Program Files\Java\jdk-21\bin\VCRUNTIME140.dll
0x00007ffcc40e0000 - 0x00007ffcc4192000 	C:\WINDOWS\System32\ADVAPI32.dll
0x00007ffcc5960000 - 0x00007ffcc5a07000 	C:\WINDOWS\System32\msvcrt.dll
0x00007ffcc58b0000 - 0x00007ffcc5959000 	C:\WINDOWS\System32\sechost.dll
0x00007ffcc3610000 - 0x00007ffcc3638000 	C:\WINDOWS\System32\bcrypt.dll
0x00007ffcc4a60000 - 0x00007ffcc4b74000 	C:\WINDOWS\System32\RPCRT4.dll
0x00007ffcc46c0000 - 0x00007ffcc486e000 	C:\WINDOWS\System32\USER32.dll
0x00007ffcc2dc0000 - 0x00007ffcc2de6000 	C:\WINDOWS\System32\win32u.dll
0x00007ffcafbd0000 - 0x00007ffcafe63000 	C:\WINDOWS\WinSxS\amd64_microsoft.windows.common-controls_6595b64144ccf1df_6.0.22621.3672_none_2713b9d173822955\COMCTL32.dll
0x00007ffcc4690000 - 0x00007ffcc46b9000 	C:\WINDOWS\System32\GDI32.dll
0x00007ffcc2f30000 - 0x00007ffcc3049000 	C:\WINDOWS\System32\gdi32full.dll
0x00007ffcc31c0000 - 0x00007ffcc325a000 	C:\WINDOWS\System32\msvcp_win.dll
0x00007ffcb2a20000 - 0x00007ffcb2a2a000 	C:\WINDOWS\SYSTEM32\VERSION.dll
0x00007ffcc5a10000 - 0x00007ffcc5a41000 	C:\WINDOWS\System32\IMM32.DLL
0x00007ffcae390000 - 0x00007ffcae39c000 	C:\Program Files\Java\jdk-21\bin\vcruntime140_1.dll
0x00007ffc6efe0000 - 0x00007ffc6f06e000 	C:\Program Files\Java\jdk-21\bin\msvcp140.dll
0x00007ffbb14e0000 - 0x00007ffbb21f5000 	C:\Program Files\Java\jdk-21\bin\server\jvm.dll
0x00007ffcc4b80000 - 0x00007ffcc4bf1000 	C:\WINDOWS\System32\WS2_32.dll
0x00007ffcc1c10000 - 0x00007ffcc1c5d000 	C:\WINDOWS\SYSTEM32\POWRPROF.dll
0x00007ffcb8400000 - 0x00007ffcb8434000 	C:\WINDOWS\SYSTEM32\WINMM.dll
0x00007ffcc1bf0000 - 0x00007ffcc1c03000 	C:\WINDOWS\SYSTEM32\UMPDC.dll
0x00007ffcc1ea0000 - 0x00007ffcc1eb8000 	C:\WINDOWS\SYSTEM32\kernel.appcore.dll
0x00007ffca9f70000 - 0x00007ffca9f7a000 	C:\Program Files\Java\jdk-21\bin\jimage.dll
0x00007ffcc05b0000 - 0x00007ffcc07e2000 	C:\WINDOWS\SYSTEM32\DBGHELP.DLL
0x00007ffcc5460000 - 0x00007ffcc57e8000 	C:\WINDOWS\System32\combase.dll
0x00007ffcc4510000 - 0x00007ffcc45e7000 	C:\WINDOWS\System32\OLEAUT32.dll
0x00007ffcae7c0000 - 0x00007ffcae7f2000 	C:\WINDOWS\SYSTEM32\dbgcore.DLL
0x00007ffcc2eb0000 - 0x00007ffcc2f2b000 	C:\WINDOWS\System32\bcryptPrimitives.dll
0x00007ffc9c6b0000 - 0x00007ffc9c6cf000 	C:\Program Files\Java\jdk-21\bin\java.dll
0x00007ffcc4c00000 - 0x00007ffcc545f000 	C:\WINDOWS\System32\SHELL32.dll
0x00007ffcc0cd0000 - 0x00007ffcc15cc000 	C:\WINDOWS\SYSTEM32\windows.storage.dll
0x00007ffcc0b90000 - 0x00007ffcc0ccf000 	C:\WINDOWS\SYSTEM32\wintypes.dll
0x00007ffcc4900000 - 0x00007ffcc49f4000 	C:\WINDOWS\System32\SHCORE.dll
0x00007ffcc41a0000 - 0x00007ffcc41fe000 	C:\WINDOWS\System32\shlwapi.dll
0x00007ffcc2cf0000 - 0x00007ffcc2d11000 	C:\WINDOWS\SYSTEM32\profapi.dll
0x00007ffc692b0000 - 0x00007ffc69387000 	C:\Program Files\Java\jdk-21\bin\jsvml.dll
0x00007ffca9e20000 - 0x00007ffca9e30000 	C:\Program Files\Java\jdk-21\bin\net.dll
0x00007ffcb9cc0000 - 0x00007ffcb9df6000 	C:\WINDOWS\SYSTEM32\WINHTTP.dll
0x00007ffcc2300000 - 0x00007ffcc2369000 	C:\WINDOWS\system32\mswsock.dll
0x00007ffc86f80000 - 0x00007ffc86f96000 	C:\Program Files\Java\jdk-21\bin\nio.dll
0x00007ffc86f60000 - 0x00007ffc86f78000 	C:\Program Files\Java\jdk-21\bin\zip.dll

dbghelp: loaded successfully - version: 4.0.5 - missing functions: none
symbol engine: initialized successfully - sym options: 0x614 - pdb path: .;C:\Program Files\Java\jdk-21\bin;C:\WINDOWS\SYSTEM32;C:\Program Files\Avast Software\Avast;C:\WINDOWS\WinSxS\amd64_microsoft.windows.common-controls_6595b64144ccf1df_6.0.22621.3672_none_2713b9d173822955;C:\Program Files\Java\jdk-21\bin\server

VM Arguments:
java_command: lib\\sabre.jar -p prototype\\basketball_prototype.txt -el 0 -h h+ -c n -tl 5000
java_class_path (initial): lib\\sabre.jar
Launcher Type: SUN_STANDARD

[Global flags]
     intx CICompilerCount                          = 4                                         {product} {ergonomic}
     uint ConcGCThreads                            = 2                                         {product} {ergonomic}
     uint G1ConcRefinementThreads                  = 8                                         {product} {ergonomic}
   size_t G1HeapRegionSize                         = 2097152                                   {product} {ergonomic}
    uintx GCDrainStackTargetSize                   = 64                                        {product} {ergonomic}
   size_t InitialHeapSize                          = 264241152                                 {product} {ergonomic}
   size_t MarkStackSize                            = 4194304                                   {product} {ergonomic}
   size_t MaxHeapSize                              = 4215275520                                {product} {ergonomic}
   size_t MaxNewSize                               = 2529165312                                {product} {ergonomic}
   size_t MinHeapDeltaBytes                        = 2097152                                   {product} {ergonomic}
   size_t MinHeapSize                              = 8388608                                   {product} {ergonomic}
    uintx NonNMethodCodeHeapSize                   = 5839372                                {pd product} {ergonomic}
    uintx NonProfiledCodeHeapSize                  = 122909434                              {pd product} {ergonomic}
    uintx ProfiledCodeHeapSize                     = 122909434                              {pd product} {ergonomic}
    uintx ReservedCodeCacheSize                    = 251658240                              {pd product} {ergonomic}
     bool SegmentedCodeCache                       = true                                      {product} {ergonomic}
   size_t SoftMaxHeapSize                          = 4215275520                             {manageable} {ergonomic}
     bool UseCompressedOops                        = true                           {product lp64_product} {ergonomic}
     bool UseG1GC                                  = true                                      {product} {ergonomic}
     bool UseLargePagesIndividualAllocation        = false                                  {pd product} {ergonomic}

Logging:
Log output configuration:
 #0: stdout all=warning uptime,level,tags foldmultilines=false
 #1: stderr all=off uptime,level,tags foldmultilines=false

Environment Variables:
PATH=C:\Program Files\Alacritty\;C:\Program Files\Common Files\Oracle\Java\javapath;C:\Program Files (x86)\Common Files\Oracle\Java\javapath;C:\Users\kacpe\AppData\Local\Packages\PythonSoftwareFoundation.Python.3.10_qbz5n2kfra8p0\LocalCache\local-packages\Python310\Scripts;C:\WINDOWS\system32;C:\WINDOWS;C:\WINDOWS\System32\Wbem;C:\WINDOWS\System32\WindowsPowerShell\v1.0\;C:\WINDOWS\System32\OpenSSH\;C:\Program Files\Microsoft VS Code\bin;C:\Program Files\dotnet\;E:\Git\cmd;E:\Git LFS;C:\Program Files\Docker\Docker\resources\bin;C:\ProgramData\chocolatey\bin;C:\Users\kacpe\AppData\Local\Microsoft\WindowsApps;C:\Users\kacpe\AppData\Local\GitHubDesktop\bin;C:\Users\kacpe\AppData\Local\Packages\PythonSoftwareFoundation.Python.3.10_qbz5n2kfra8p0\LocalCache\local-packages\Python310\Scripts;C:\Users\kacpe\AppData\Local\Packages\PythonSoftwareFoundation.Python.3.10_qbz5n2kfra8p0\LocalCache\local-packages\Python310;C:\Users\kacpe\.dotnet\tools;C:\Program Files\OpenSSL-Win64\bin;
USERNAME=kacpe
LANG=en_US.UTF-8
OS=Windows_NT
PROCESSOR_IDENTIFIER=Intel64 Family 6 Model 140 Stepping 1, GenuineIntel
TMP=C:\Users\kacpe\AppData\Local\Temp
TEMP=C:\Users\kacpe\AppData\Local\Temp




Periodic native trim disabled

---------------  S Y S T E M  ---------------

OS:
 Windows 11 , 64 bit Build 22621 (10.0.22621.3672)
OS uptime: 7 days 5:32 hours
Hyper-V role detected

CPU: total 8 (initial active 8) (4 cores per cpu, 2 threads per core) family 6 model 140 stepping 1 microcode 0x9a, cx8, cmov, fxsr, ht, mmx, 3dnowpref, sse, sse2, sse3, ssse3, sse4.1, sse4.2, popcnt, lzcnt, tsc, tscinvbit, avx, avx2, aes, erms, clmul, bmi1, bmi2, adx, avx512f, avx512dq, avx512cd, avx512bw, avx512vl, sha, fma, vzeroupper, avx512_vpopcntdq, avx512_vpclmulqdq, avx512_vaes, avx512_vnni, clflush, clflushopt, clwb, avx512_vbmi2, avx512_vbmi, hv, rdtscp, rdpid, fsrm, gfni, avx512_bitalg, f16c, cet_ibt, cet_ss, avx512_ifma
Processor Information for all 8 processors :
  Max Mhz: 2419, Current Mhz: 2419, Mhz Limit: 2419

Memory: 4k page, system-wide physical 16078M (1361M free)
TotalPageFile size 26689M (AvailPageFile size 2M)
current process WorkingSet (physical memory assigned to process): 55M, peak: 55M
current process commit charge ("private bytes"): 344M, peak: 344M

vm_info: Java HotSpot(TM) 64-Bit Server VM (21.0.1+12-LTS-29) for windows-amd64 JRE (21.0.1+12-LTS-29), built on 2023-10-05T13:27:09Z by "mach5one" with MS VC++ 17.1 (VS2022)

END.
