#
# There is insufficient memory for the Java Runtime Environment to continue.
# Native memory allocation (malloc) failed to allocate 884576 bytes for Chunk::new
# Possible reasons:
#   The system is out of physical RAM or swap space
#   The process is running with CompressedOops enabled, and the Java Heap may be blocking the growth of the native heap
# Possible solutions:
#   Reduce memory load on the system
#   Increase physical memory or swap space
#   Check if swap backing store is full
#   Decrease Java heap size (-Xmx/-Xms)
#   Decrease number of Java threads
#   Decrease Java thread stack sizes (-Xss)
#   Set larger code cache with -XX:ReservedCodeCacheSize=
#   JVM is running with Zero Based Compressed Oops mode in which the Java heap is
#     placed in the first 32GB address space. The Java Heap base address is the
#     maximum limit for the native heap growth. Please use -XX:HeapBaseMinAddress
#     to set the Java Heap base and to place the Java Heap above 32GB virtual address.
# This output file may be truncated or incomplete.
#
#  Out of Memory Error (arena.cpp:168), pid=28708, tid=25272
#
# JRE version: Java(TM) SE Runtime Environment (21.0.1+12) (build 21.0.1+12-LTS-29)
# Java VM: Java HotSpot(TM) 64-Bit Server VM (21.0.1+12-LTS-29, mixed mode, sharing, tiered, compressed oops, compressed class ptrs, g1 gc, windows-amd64)
# No core dump will be written. Minidumps are not enabled by default on client versions of Windows
#

---------------  S U M M A R Y ------------

Command Line: ..\\lib\\sabre.jar -p rl_planner2.txt -el 0 -h h+ -c n -tl 3100

Host: 11th Gen Intel(R) Core(TM) i5-1135G7 @ 2.40GHz, 8 cores, 15G,  Windows 11 , 64 bit Build 22621 (10.0.22621.3672)
Time: Wed Aug  7 18:24:21 2024  Windows 11 , 64 bit Build 22621 (10.0.22621.3672) elapsed time: 0.460073 seconds (0d 0h 0m 0s)

---------------  T H R E A D  ---------------

Current thread (0x000002354bd71de0):  JavaThread "C2 CompilerThread1" daemon [_thread_in_native, id=25272, stack(0x000000dc6e000000,0x000000dc6e100000) (1024K)]


Current CompileTask:
C2:    460  891       4       edu.uky.cs.nil.sabre.UniverseConstructor::apply (144 bytes)

Stack: [0x000000dc6e000000,0x000000dc6e100000]
Native frames: (J=compiled Java code, j=interpreted, Vv=VM code, C=native code)
V  [jvm.dll+0x6c9029]
V  [jvm.dll+0x854b81]
V  [jvm.dll+0x856e5e]
V  [jvm.dll+0x857543]
V  [jvm.dll+0x280c06]
V  [jvm.dll+0xc3ead]
V  [jvm.dll+0xc43c3]
V  [jvm.dll+0x2f3f3f]
V  [jvm.dll+0x5f40a6]
V  [jvm.dll+0x252bef]
V  [jvm.dll+0x24b031]
V  [jvm.dll+0x248fa3]
V  [jvm.dll+0x1c9ca1]
V  [jvm.dll+0x2586b9]
V  [jvm.dll+0x256c9a]
V  [jvm.dll+0x3ef1b6]
V  [jvm.dll+0x7fd728]
V  [jvm.dll+0x6c777d]
C  [ucrtbase.dll+0x29333]
C  [KERNEL32.DLL+0x1257d]
C  [ntdll.dll+0x5af28]


---------------  P R O C E S S  ---------------

Threads class SMR info:
_java_thread_list=0x000002354bd7fd20, length=13, elements={
0x000002352a753330, 0x000002354b248c70, 0x000002354b24a360, 0x000002354b250580,
0x000002354b2510d0, 0x000002354b253f90, 0x000002354b255c60, 0x000002354b268d30,
0x000002354b269ec0, 0x000002354bb88f70, 0x000002354bb8e7c0, 0x000002354bd71de0,
0x0000023591030060
}

Java Threads: ( => current thread )
  0x000002352a753330 JavaThread "main"                              [_thread_in_Java, id=27988, stack(0x000000dc6ce00000,0x000000dc6cf00000) (1024K)]
  0x000002354b248c70 JavaThread "Reference Handler"          daemon [_thread_blocked, id=22516, stack(0x000000dc6d600000,0x000000dc6d700000) (1024K)]
  0x000002354b24a360 JavaThread "Finalizer"                  daemon [_thread_blocked, id=21700, stack(0x000000dc6d700000,0x000000dc6d800000) (1024K)]
  0x000002354b250580 JavaThread "Signal Dispatcher"          daemon [_thread_blocked, id=9676, stack(0x000000dc6d800000,0x000000dc6d900000) (1024K)]
  0x000002354b2510d0 JavaThread "Attach Listener"            daemon [_thread_blocked, id=20004, stack(0x000000dc6d900000,0x000000dc6da00000) (1024K)]
  0x000002354b253f90 JavaThread "Service Thread"             daemon [_thread_blocked, id=25632, stack(0x000000dc6da00000,0x000000dc6db00000) (1024K)]
  0x000002354b255c60 JavaThread "Monitor Deflation Thread"   daemon [_thread_blocked, id=16392, stack(0x000000dc6db00000,0x000000dc6dc00000) (1024K)]
  0x000002354b268d30 JavaThread "C2 CompilerThread0"         daemon [_thread_in_vm, id=28292, stack(0x000000dc6dc00000,0x000000dc6dd00000) (1024K)]
  0x000002354b269ec0 JavaThread "C1 CompilerThread0"         daemon [_thread_in_native, id=26728, stack(0x000000dc6dd00000,0x000000dc6de00000) (1024K)]
  0x000002354bb88f70 JavaThread "Notification Thread"        daemon [_thread_blocked, id=27948, stack(0x000000dc6de00000,0x000000dc6df00000) (1024K)]
  0x000002354bb8e7c0 JavaThread "Common-Cleaner"             daemon [_thread_blocked, id=18632, stack(0x000000dc6df00000,0x000000dc6e000000) (1024K)]
=>0x000002354bd71de0 JavaThread "C2 CompilerThread1"         daemon [_thread_in_native, id=25272, stack(0x000000dc6e000000,0x000000dc6e100000) (1024K)]
  0x0000023591030060 JavaThread "C2 CompilerThread2"         daemon [_thread_in_native, id=17812, stack(0x000000dc6e100000,0x000000dc6e200000) (1024K)]
Total: 13

Other Threads:
  0x000002354b22dbe0 VMThread "VM Thread"                           [id=21016, stack(0x000000dc6d500000,0x000000dc6d600000) (1024K)]
  0x000002354b215880 WatcherThread "VM Periodic Task Thread"        [id=10992, stack(0x000000dc6d400000,0x000000dc6d500000) (1024K)]
  0x000002352c8a8d50 WorkerThread "GC Thread#0"                     [id=20052, stack(0x000000dc6cf00000,0x000000dc6d000000) (1024K)]
  0x00000235911c65a0 WorkerThread "GC Thread#1"                     [id=18160, stack(0x000000dc6e200000,0x000000dc6e300000) (1024K)]
  0x00000235914437b0 WorkerThread "GC Thread#2"                     [id=28868, stack(0x000000dc6e300000,0x000000dc6e400000) (1024K)]
  0x000002354bddb920 WorkerThread "GC Thread#3"                     [id=19448, stack(0x000000dc6e400000,0x000000dc6e500000) (1024K)]
  0x000002354bddbcc0 WorkerThread "GC Thread#4"                     [id=28532, stack(0x000000dc6e500000,0x000000dc6e600000) (1024K)]
  0x000002359180f8b0 WorkerThread "GC Thread#5"                     [id=8456, stack(0x000000dc6e600000,0x000000dc6e700000) (1024K)]
  0x000002352c8baa30 ConcurrentGCThread "G1 Main Marker"            [id=3548, stack(0x000000dc6d000000,0x000000dc6d100000) (1024K)]
  0x000002352c8bcce0 WorkerThread "G1 Conc#0"                       [id=22372, stack(0x000000dc6d100000,0x000000dc6d200000) (1024K)]
  0x000002352c8fe890 ConcurrentGCThread "G1 Refine#0"               [id=24172, stack(0x000000dc6d200000,0x000000dc6d300000) (1024K)]
  0x000002354b0e7500 ConcurrentGCThread "G1 Service"                [id=29584, stack(0x000000dc6d300000,0x000000dc6d400000) (1024K)]
Total: 12

Threads with active compile tasks:
C1 CompilerThread0      487 1087       3       edu.uky.cs.nil.sabre.logic.Logical::distinguish (121 bytes)
C2 CompilerThread1      487  891       4       edu.uky.cs.nil.sabre.UniverseConstructor::apply (144 bytes)
C2 CompilerThread2      487 1096       4       edu.uky.cs.nil.sabre.Utilities::toArray (43 bytes)
Total: 3

VM state: not at safepoint (normal execution)

VM Mutex/Monitor currently owned by a thread: None

Heap address: 0x0000000704c00000, size: 4020 MB, Compressed Oops mode: Zero based, Oop shift amount: 3

CDS archive(s) mapped at: [0x000002354c000000-0x000002354cc90000-0x000002354cc90000), size 13172736, SharedBaseAddress: 0x000002354c000000, ArchiveRelocationMode: 1.
Compressed class space mapped at: 0x000002354d000000-0x000002358d000000, reserved size: 1073741824
Narrow klass base: 0x000002354c000000, Narrow klass shift: 0, Narrow klass range: 0x100000000

GC Precious Log:
 CardTable entry size: 512
 Card Set container configuration: InlinePtr #cards 4 size 8 Array Of Cards #cards 16 size 48 Howl #buckets 8 coarsen threshold 3686 Howl Bitmap #cards 512 size 80 coarsen threshold 460 Card regions per heap region 1 cards per card region 4096
 CPUs: 8 total, 8 available
 Memory: 16078M
 Large Page Support: Disabled
 NUMA Support: Disabled
 Compressed Oops: Enabled (Zero based)
 Heap Region Size: 2M
 Heap Min Capacity: 8M
 Heap Initial Capacity: 252M
 Heap Max Capacity: 4020M
 Pre-touch: Disabled
 Parallel Workers: 8
 Concurrent Workers: 2
 Concurrent Refinement Workers: 8
 Periodic GC: Disabled

Heap:
 garbage-first heap   total 258048K, used 7947K [0x0000000704c00000, 0x0000000800000000)
  region size 2048K, 5 young (10240K), 1 survivors (2048K)
 Metaspace       used 2486K, committed 2752K, reserved 1114112K
  class space    used 289K, committed 384K, reserved 1048576K

Heap Regions: E=young(eden), S=young(survivor), O=old, HS=humongous(starts), HC=humongous(continues), CS=collection set, F=free, TAMS=top-at-mark-start, PB=parsable bottom
|   0|0x0000000704c00000, 0x0000000704c00000, 0x0000000704e00000|  0%| F|  |TAMS 0x0000000704c00000| PB 0x0000000704c00000| Untracked 
|   1|0x0000000704e00000, 0x0000000704e00000, 0x0000000705000000|  0%| F|  |TAMS 0x0000000704e00000| PB 0x0000000704e00000| Untracked 
|   2|0x0000000705000000, 0x0000000705000000, 0x0000000705200000|  0%| F|  |TAMS 0x0000000705000000| PB 0x0000000705000000| Untracked 
|   3|0x0000000705200000, 0x0000000705200000, 0x0000000705400000|  0%| F|  |TAMS 0x0000000705200000| PB 0x0000000705200000| Untracked 
|   4|0x0000000705400000, 0x0000000705400000, 0x0000000705600000|  0%| F|  |TAMS 0x0000000705400000| PB 0x0000000705400000| Untracked 
|   5|0x0000000705600000, 0x0000000705600000, 0x0000000705800000|  0%| F|  |TAMS 0x0000000705600000| PB 0x0000000705600000| Untracked 
|   6|0x0000000705800000, 0x0000000705800000, 0x0000000705a00000|  0%| F|  |TAMS 0x0000000705800000| PB 0x0000000705800000| Untracked 
|   7|0x0000000705a00000, 0x0000000705a00000, 0x0000000705c00000|  0%| F|  |TAMS 0x0000000705a00000| PB 0x0000000705a00000| Untracked 
|   8|0x0000000705c00000, 0x0000000705c00000, 0x0000000705e00000|  0%| F|  |TAMS 0x0000000705c00000| PB 0x0000000705c00000| Untracked 
|   9|0x0000000705e00000, 0x0000000705e00000, 0x0000000706000000|  0%| F|  |TAMS 0x0000000705e00000| PB 0x0000000705e00000| Untracked 
|  10|0x0000000706000000, 0x0000000706000000, 0x0000000706200000|  0%| F|  |TAMS 0x0000000706000000| PB 0x0000000706000000| Untracked 
|  11|0x0000000706200000, 0x0000000706200000, 0x0000000706400000|  0%| F|  |TAMS 0x0000000706200000| PB 0x0000000706200000| Untracked 
|  12|0x0000000706400000, 0x0000000706400000, 0x0000000706600000|  0%| F|  |TAMS 0x0000000706400000| PB 0x0000000706400000| Untracked 
|  13|0x0000000706600000, 0x0000000706600000, 0x0000000706800000|  0%| F|  |TAMS 0x0000000706600000| PB 0x0000000706600000| Untracked 
|  14|0x0000000706800000, 0x0000000706800000, 0x0000000706a00000|  0%| F|  |TAMS 0x0000000706800000| PB 0x0000000706800000| Untracked 
|  15|0x0000000706a00000, 0x0000000706a00000, 0x0000000706c00000|  0%| F|  |TAMS 0x0000000706a00000| PB 0x0000000706a00000| Untracked 
|  16|0x0000000706c00000, 0x0000000706c00000, 0x0000000706e00000|  0%| F|  |TAMS 0x0000000706c00000| PB 0x0000000706c00000| Untracked 
|  17|0x0000000706e00000, 0x0000000706e00000, 0x0000000707000000|  0%| F|  |TAMS 0x0000000706e00000| PB 0x0000000706e00000| Untracked 
|  18|0x0000000707000000, 0x0000000707000000, 0x0000000707200000|  0%| F|  |TAMS 0x0000000707000000| PB 0x0000000707000000| Untracked 
|  19|0x0000000707200000, 0x0000000707200000, 0x0000000707400000|  0%| F|  |TAMS 0x0000000707200000| PB 0x0000000707200000| Untracked 
|  20|0x0000000707400000, 0x0000000707400000, 0x0000000707600000|  0%| F|  |TAMS 0x0000000707400000| PB 0x0000000707400000| Untracked 
|  21|0x0000000707600000, 0x0000000707600000, 0x0000000707800000|  0%| F|  |TAMS 0x0000000707600000| PB 0x0000000707600000| Untracked 
|  22|0x0000000707800000, 0x0000000707800000, 0x0000000707a00000|  0%| F|  |TAMS 0x0000000707800000| PB 0x0000000707800000| Untracked 
|  23|0x0000000707a00000, 0x0000000707a00000, 0x0000000707c00000|  0%| F|  |TAMS 0x0000000707a00000| PB 0x0000000707a00000| Untracked 
|  24|0x0000000707c00000, 0x0000000707c00000, 0x0000000707e00000|  0%| F|  |TAMS 0x0000000707c00000| PB 0x0000000707c00000| Untracked 
|  25|0x0000000707e00000, 0x0000000707e00000, 0x0000000708000000|  0%| F|  |TAMS 0x0000000707e00000| PB 0x0000000707e00000| Untracked 
|  26|0x0000000708000000, 0x0000000708000000, 0x0000000708200000|  0%| F|  |TAMS 0x0000000708000000| PB 0x0000000708000000| Untracked 
|  27|0x0000000708200000, 0x0000000708200000, 0x0000000708400000|  0%| F|  |TAMS 0x0000000708200000| PB 0x0000000708200000| Untracked 
|  28|0x0000000708400000, 0x0000000708400000, 0x0000000708600000|  0%| F|  |TAMS 0x0000000708400000| PB 0x0000000708400000| Untracked 
|  29|0x0000000708600000, 0x0000000708600000, 0x0000000708800000|  0%| F|  |TAMS 0x0000000708600000| PB 0x0000000708600000| Untracked 
|  30|0x0000000708800000, 0x0000000708800000, 0x0000000708a00000|  0%| F|  |TAMS 0x0000000708800000| PB 0x0000000708800000| Untracked 
|  31|0x0000000708a00000, 0x0000000708a00000, 0x0000000708c00000|  0%| F|  |TAMS 0x0000000708a00000| PB 0x0000000708a00000| Untracked 
|  32|0x0000000708c00000, 0x0000000708c00000, 0x0000000708e00000|  0%| F|  |TAMS 0x0000000708c00000| PB 0x0000000708c00000| Untracked 
|  33|0x0000000708e00000, 0x0000000708e00000, 0x0000000709000000|  0%| F|  |TAMS 0x0000000708e00000| PB 0x0000000708e00000| Untracked 
|  34|0x0000000709000000, 0x0000000709000000, 0x0000000709200000|  0%| F|  |TAMS 0x0000000709000000| PB 0x0000000709000000| Untracked 
|  35|0x0000000709200000, 0x0000000709200000, 0x0000000709400000|  0%| F|  |TAMS 0x0000000709200000| PB 0x0000000709200000| Untracked 
|  36|0x0000000709400000, 0x0000000709400000, 0x0000000709600000|  0%| F|  |TAMS 0x0000000709400000| PB 0x0000000709400000| Untracked 
|  37|0x0000000709600000, 0x0000000709600000, 0x0000000709800000|  0%| F|  |TAMS 0x0000000709600000| PB 0x0000000709600000| Untracked 
|  38|0x0000000709800000, 0x0000000709800000, 0x0000000709a00000|  0%| F|  |TAMS 0x0000000709800000| PB 0x0000000709800000| Untracked 
|  39|0x0000000709a00000, 0x0000000709a00000, 0x0000000709c00000|  0%| F|  |TAMS 0x0000000709a00000| PB 0x0000000709a00000| Untracked 
|  40|0x0000000709c00000, 0x0000000709c00000, 0x0000000709e00000|  0%| F|  |TAMS 0x0000000709c00000| PB 0x0000000709c00000| Untracked 
|  41|0x0000000709e00000, 0x0000000709e00000, 0x000000070a000000|  0%| F|  |TAMS 0x0000000709e00000| PB 0x0000000709e00000| Untracked 
|  42|0x000000070a000000, 0x000000070a000000, 0x000000070a200000|  0%| F|  |TAMS 0x000000070a000000| PB 0x000000070a000000| Untracked 
|  43|0x000000070a200000, 0x000000070a200000, 0x000000070a400000|  0%| F|  |TAMS 0x000000070a200000| PB 0x000000070a200000| Untracked 
|  44|0x000000070a400000, 0x000000070a400000, 0x000000070a600000|  0%| F|  |TAMS 0x000000070a400000| PB 0x000000070a400000| Untracked 
|  45|0x000000070a600000, 0x000000070a600000, 0x000000070a800000|  0%| F|  |TAMS 0x000000070a600000| PB 0x000000070a600000| Untracked 
|  46|0x000000070a800000, 0x000000070a800000, 0x000000070aa00000|  0%| F|  |TAMS 0x000000070a800000| PB 0x000000070a800000| Untracked 
|  47|0x000000070aa00000, 0x000000070aa00000, 0x000000070ac00000|  0%| F|  |TAMS 0x000000070aa00000| PB 0x000000070aa00000| Untracked 
|  48|0x000000070ac00000, 0x000000070ac00000, 0x000000070ae00000|  0%| F|  |TAMS 0x000000070ac00000| PB 0x000000070ac00000| Untracked 
|  49|0x000000070ae00000, 0x000000070ae00000, 0x000000070b000000|  0%| F|  |TAMS 0x000000070ae00000| PB 0x000000070ae00000| Untracked 
|  50|0x000000070b000000, 0x000000070b000000, 0x000000070b200000|  0%| F|  |TAMS 0x000000070b000000| PB 0x000000070b000000| Untracked 
|  51|0x000000070b200000, 0x000000070b200000, 0x000000070b400000|  0%| F|  |TAMS 0x000000070b200000| PB 0x000000070b200000| Untracked 
|  52|0x000000070b400000, 0x000000070b400000, 0x000000070b600000|  0%| F|  |TAMS 0x000000070b400000| PB 0x000000070b400000| Untracked 
|  53|0x000000070b600000, 0x000000070b600000, 0x000000070b800000|  0%| F|  |TAMS 0x000000070b600000| PB 0x000000070b600000| Untracked 
|  54|0x000000070b800000, 0x000000070b800000, 0x000000070ba00000|  0%| F|  |TAMS 0x000000070b800000| PB 0x000000070b800000| Untracked 
|  55|0x000000070ba00000, 0x000000070ba00000, 0x000000070bc00000|  0%| F|  |TAMS 0x000000070ba00000| PB 0x000000070ba00000| Untracked 
|  56|0x000000070bc00000, 0x000000070bc00000, 0x000000070be00000|  0%| F|  |TAMS 0x000000070bc00000| PB 0x000000070bc00000| Untracked 
|  57|0x000000070be00000, 0x000000070be00000, 0x000000070c000000|  0%| F|  |TAMS 0x000000070be00000| PB 0x000000070be00000| Untracked 
|  58|0x000000070c000000, 0x000000070c000000, 0x000000070c200000|  0%| F|  |TAMS 0x000000070c000000| PB 0x000000070c000000| Untracked 
|  59|0x000000070c200000, 0x000000070c200000, 0x000000070c400000|  0%| F|  |TAMS 0x000000070c200000| PB 0x000000070c200000| Untracked 
|  60|0x000000070c400000, 0x000000070c400000, 0x000000070c600000|  0%| F|  |TAMS 0x000000070c400000| PB 0x000000070c400000| Untracked 
|  61|0x000000070c600000, 0x000000070c600000, 0x000000070c800000|  0%| F|  |TAMS 0x000000070c600000| PB 0x000000070c600000| Untracked 
|  62|0x000000070c800000, 0x000000070c800000, 0x000000070ca00000|  0%| F|  |TAMS 0x000000070c800000| PB 0x000000070c800000| Untracked 
|  63|0x000000070ca00000, 0x000000070ca00000, 0x000000070cc00000|  0%| F|  |TAMS 0x000000070ca00000| PB 0x000000070ca00000| Untracked 
|  64|0x000000070cc00000, 0x000000070cc00000, 0x000000070ce00000|  0%| F|  |TAMS 0x000000070cc00000| PB 0x000000070cc00000| Untracked 
|  65|0x000000070ce00000, 0x000000070ce00000, 0x000000070d000000|  0%| F|  |TAMS 0x000000070ce00000| PB 0x000000070ce00000| Untracked 
|  66|0x000000070d000000, 0x000000070d000000, 0x000000070d200000|  0%| F|  |TAMS 0x000000070d000000| PB 0x000000070d000000| Untracked 
|  67|0x000000070d200000, 0x000000070d200000, 0x000000070d400000|  0%| F|  |TAMS 0x000000070d200000| PB 0x000000070d200000| Untracked 
|  68|0x000000070d400000, 0x000000070d400000, 0x000000070d600000|  0%| F|  |TAMS 0x000000070d400000| PB 0x000000070d400000| Untracked 
|  69|0x000000070d600000, 0x000000070d600000, 0x000000070d800000|  0%| F|  |TAMS 0x000000070d600000| PB 0x000000070d600000| Untracked 
|  70|0x000000070d800000, 0x000000070d800000, 0x000000070da00000|  0%| F|  |TAMS 0x000000070d800000| PB 0x000000070d800000| Untracked 
|  71|0x000000070da00000, 0x000000070da00000, 0x000000070dc00000|  0%| F|  |TAMS 0x000000070da00000| PB 0x000000070da00000| Untracked 
|  72|0x000000070dc00000, 0x000000070dc00000, 0x000000070de00000|  0%| F|  |TAMS 0x000000070dc00000| PB 0x000000070dc00000| Untracked 
|  73|0x000000070de00000, 0x000000070de00000, 0x000000070e000000|  0%| F|  |TAMS 0x000000070de00000| PB 0x000000070de00000| Untracked 
|  74|0x000000070e000000, 0x000000070e000000, 0x000000070e200000|  0%| F|  |TAMS 0x000000070e000000| PB 0x000000070e000000| Untracked 
|  75|0x000000070e200000, 0x000000070e200000, 0x000000070e400000|  0%| F|  |TAMS 0x000000070e200000| PB 0x000000070e200000| Untracked 
|  76|0x000000070e400000, 0x000000070e400000, 0x000000070e600000|  0%| F|  |TAMS 0x000000070e400000| PB 0x000000070e400000| Untracked 
|  77|0x000000070e600000, 0x000000070e600000, 0x000000070e800000|  0%| F|  |TAMS 0x000000070e600000| PB 0x000000070e600000| Untracked 
|  78|0x000000070e800000, 0x000000070e800000, 0x000000070ea00000|  0%| F|  |TAMS 0x000000070e800000| PB 0x000000070e800000| Untracked 
|  79|0x000000070ea00000, 0x000000070ea00000, 0x000000070ec00000|  0%| F|  |TAMS 0x000000070ea00000| PB 0x000000070ea00000| Untracked 
|  80|0x000000070ec00000, 0x000000070ec00000, 0x000000070ee00000|  0%| F|  |TAMS 0x000000070ec00000| PB 0x000000070ec00000| Untracked 
|  81|0x000000070ee00000, 0x000000070ee00000, 0x000000070f000000|  0%| F|  |TAMS 0x000000070ee00000| PB 0x000000070ee00000| Untracked 
|  82|0x000000070f000000, 0x000000070f000000, 0x000000070f200000|  0%| F|  |TAMS 0x000000070f000000| PB 0x000000070f000000| Untracked 
|  83|0x000000070f200000, 0x000000070f200000, 0x000000070f400000|  0%| F|  |TAMS 0x000000070f200000| PB 0x000000070f200000| Untracked 
|  84|0x000000070f400000, 0x000000070f400000, 0x000000070f600000|  0%| F|  |TAMS 0x000000070f400000| PB 0x000000070f400000| Untracked 
|  85|0x000000070f600000, 0x000000070f600000, 0x000000070f800000|  0%| F|  |TAMS 0x000000070f600000| PB 0x000000070f600000| Untracked 
|  86|0x000000070f800000, 0x000000070f800000, 0x000000070fa00000|  0%| F|  |TAMS 0x000000070f800000| PB 0x000000070f800000| Untracked 
|  87|0x000000070fa00000, 0x000000070fa00000, 0x000000070fc00000|  0%| F|  |TAMS 0x000000070fa00000| PB 0x000000070fa00000| Untracked 
|  88|0x000000070fc00000, 0x000000070fc00000, 0x000000070fe00000|  0%| F|  |TAMS 0x000000070fc00000| PB 0x000000070fc00000| Untracked 
|  89|0x000000070fe00000, 0x000000070fe00000, 0x0000000710000000|  0%| F|  |TAMS 0x000000070fe00000| PB 0x000000070fe00000| Untracked 
|  90|0x0000000710000000, 0x0000000710000000, 0x0000000710200000|  0%| F|  |TAMS 0x0000000710000000| PB 0x0000000710000000| Untracked 
|  91|0x0000000710200000, 0x0000000710200000, 0x0000000710400000|  0%| F|  |TAMS 0x0000000710200000| PB 0x0000000710200000| Untracked 
|  92|0x0000000710400000, 0x0000000710400000, 0x0000000710600000|  0%| F|  |TAMS 0x0000000710400000| PB 0x0000000710400000| Untracked 
|  93|0x0000000710600000, 0x0000000710600000, 0x0000000710800000|  0%| F|  |TAMS 0x0000000710600000| PB 0x0000000710600000| Untracked 
|  94|0x0000000710800000, 0x0000000710800000, 0x0000000710a00000|  0%| F|  |TAMS 0x0000000710800000| PB 0x0000000710800000| Untracked 
|  95|0x0000000710a00000, 0x0000000710a00000, 0x0000000710c00000|  0%| F|  |TAMS 0x0000000710a00000| PB 0x0000000710a00000| Untracked 
|  96|0x0000000710c00000, 0x0000000710c00000, 0x0000000710e00000|  0%| F|  |TAMS 0x0000000710c00000| PB 0x0000000710c00000| Untracked 
|  97|0x0000000710e00000, 0x0000000710e00000, 0x0000000711000000|  0%| F|  |TAMS 0x0000000710e00000| PB 0x0000000710e00000| Untracked 
|  98|0x0000000711000000, 0x0000000711000000, 0x0000000711200000|  0%| F|  |TAMS 0x0000000711000000| PB 0x0000000711000000| Untracked 
|  99|0x0000000711200000, 0x0000000711200000, 0x0000000711400000|  0%| F|  |TAMS 0x0000000711200000| PB 0x0000000711200000| Untracked 
| 100|0x0000000711400000, 0x0000000711400000, 0x0000000711600000|  0%| F|  |TAMS 0x0000000711400000| PB 0x0000000711400000| Untracked 
| 101|0x0000000711600000, 0x0000000711600000, 0x0000000711800000|  0%| F|  |TAMS 0x0000000711600000| PB 0x0000000711600000| Untracked 
| 102|0x0000000711800000, 0x0000000711800000, 0x0000000711a00000|  0%| F|  |TAMS 0x0000000711800000| PB 0x0000000711800000| Untracked 
| 103|0x0000000711a00000, 0x0000000711a00000, 0x0000000711c00000|  0%| F|  |TAMS 0x0000000711a00000| PB 0x0000000711a00000| Untracked 
| 104|0x0000000711c00000, 0x0000000711c00000, 0x0000000711e00000|  0%| F|  |TAMS 0x0000000711c00000| PB 0x0000000711c00000| Untracked 
| 105|0x0000000711e00000, 0x0000000711e00000, 0x0000000712000000|  0%| F|  |TAMS 0x0000000711e00000| PB 0x0000000711e00000| Untracked 
| 106|0x0000000712000000, 0x0000000712000000, 0x0000000712200000|  0%| F|  |TAMS 0x0000000712000000| PB 0x0000000712000000| Untracked 
| 107|0x0000000712200000, 0x0000000712200000, 0x0000000712400000|  0%| F|  |TAMS 0x0000000712200000| PB 0x0000000712200000| Untracked 
| 108|0x0000000712400000, 0x0000000712400000, 0x0000000712600000|  0%| F|  |TAMS 0x0000000712400000| PB 0x0000000712400000| Untracked 
| 109|0x0000000712600000, 0x0000000712600000, 0x0000000712800000|  0%| F|  |TAMS 0x0000000712600000| PB 0x0000000712600000| Untracked 
| 110|0x0000000712800000, 0x0000000712800000, 0x0000000712a00000|  0%| F|  |TAMS 0x0000000712800000| PB 0x0000000712800000| Untracked 
| 111|0x0000000712a00000, 0x0000000712a00000, 0x0000000712c00000|  0%| F|  |TAMS 0x0000000712a00000| PB 0x0000000712a00000| Untracked 
| 112|0x0000000712c00000, 0x0000000712c00000, 0x0000000712e00000|  0%| F|  |TAMS 0x0000000712c00000| PB 0x0000000712c00000| Untracked 
| 113|0x0000000712e00000, 0x0000000712e00000, 0x0000000713000000|  0%| F|  |TAMS 0x0000000712e00000| PB 0x0000000712e00000| Untracked 
| 114|0x0000000713000000, 0x00000007131c2f90, 0x0000000713200000| 88%| S|CS|TAMS 0x0000000713000000| PB 0x0000000713000000| Complete 
| 115|0x0000000713200000, 0x0000000713200000, 0x0000000713400000|  0%| F|  |TAMS 0x0000000713200000| PB 0x0000000713200000| Untracked 
| 116|0x0000000713400000, 0x0000000713400000, 0x0000000713600000|  0%| F|  |TAMS 0x0000000713400000| PB 0x0000000713400000| Untracked 
| 117|0x0000000713600000, 0x0000000713600000, 0x0000000713800000|  0%| F|  |TAMS 0x0000000713600000| PB 0x0000000713600000| Untracked 
| 118|0x0000000713800000, 0x0000000713800000, 0x0000000713a00000|  0%| F|  |TAMS 0x0000000713800000| PB 0x0000000713800000| Untracked 
| 119|0x0000000713a00000, 0x0000000713a00000, 0x0000000713c00000|  0%| F|  |TAMS 0x0000000713a00000| PB 0x0000000713a00000| Untracked 
| 120|0x0000000713c00000, 0x0000000713c00000, 0x0000000713e00000|  0%| F|  |TAMS 0x0000000713c00000| PB 0x0000000713c00000| Untracked 
| 121|0x0000000713e00000, 0x0000000713e00000, 0x0000000714000000|  0%| F|  |TAMS 0x0000000713e00000| PB 0x0000000713e00000| Untracked 
| 122|0x0000000714000000, 0x0000000714185740, 0x0000000714200000| 76%| E|  |TAMS 0x0000000714000000| PB 0x0000000714000000| Complete 
| 123|0x0000000714200000, 0x0000000714400000, 0x0000000714400000|100%| E|CS|TAMS 0x0000000714200000| PB 0x0000000714200000| Complete 
| 124|0x0000000714400000, 0x0000000714600000, 0x0000000714600000|100%| E|CS|TAMS 0x0000000714400000| PB 0x0000000714400000| Complete 
| 125|0x0000000714600000, 0x0000000714800000, 0x0000000714800000|100%| E|CS|TAMS 0x0000000714600000| PB 0x0000000714600000| Complete 

Card table byte_map: [0x00000235447a0000,0x0000023544f80000] _byte_map_base: 0x0000023540f7a000

Marking Bits: (CMBitMap*) 0x000002352c8a9450
 Bits: [0x0000023544f80000, 0x0000023548e50000)

Polling page: 0x000002352c000000

Metaspace:

Usage:
  Non-class:      2.15 MB used.
      Class:    289.88 KB used.
       Both:      2.43 MB used.

Virtual space:
  Non-class space:       64.00 MB reserved,       2.31 MB (  4%) committed,  1 nodes.
      Class space:        1.00 GB reserved,     384.00 KB ( <1%) committed,  1 nodes.
             Both:        1.06 GB reserved,       2.69 MB ( <1%) committed. 

Chunk freelists:
   Non-Class:  10.67 MB
       Class:  15.45 MB
        Both:  26.12 MB

MaxMetaspaceSize: unlimited
CompressedClassSpaceSize: 1.00 GB
Initial GC threshold: 21.00 MB
Current GC threshold: 21.00 MB
CDS: on
 - commit_granule_bytes: 65536.
 - commit_granule_words: 8192.
 - virtual_space_node_default_size: 8388608.
 - enlarge_chunks_in_place: 1.
 - use_allocation_guard: 0.


Internal statistics:

num_allocs_failed_limit: 0.
num_arena_births: 218.
num_arena_deaths: 0.
num_vsnodes_births: 2.
num_vsnodes_deaths: 0.
num_space_committed: 43.
num_space_uncommitted: 0.
num_chunks_returned_to_freelist: 0.
num_chunks_taken_from_freelist: 354.
num_chunk_merges: 0.
num_chunk_splits: 206.
num_chunks_enlarged: 87.
num_inconsistent_stats: 0.

CodeHeap 'non-profiled nmethods': size=120000Kb used=419Kb max_used=419Kb free=119581Kb
 bounds [0x000002353c760000, 0x000002353c9d0000, 0x0000023543c90000]
CodeHeap 'profiled nmethods': size=120000Kb used=1828Kb max_used=1828Kb free=118172Kb
 bounds [0x0000023534c90000, 0x0000023534f00000, 0x000002353c1c0000]
CodeHeap 'non-nmethods': size=5760Kb used=1485Kb max_used=1505Kb free=4274Kb
 bounds [0x000002353c1c0000, 0x000002353c430000, 0x000002353c760000]
 total_blobs=1553 nmethods=1100 adapters=357
 compilation: enabled
              stopped_count=0, restarted_count=0
 full_count=0

Compilation events (20 events):
Event: 0.455 Thread 0x000002354b269ec0  982       3       edu.uky.cs.nil.sabre.logic.Logical::collect (25 bytes)
Event: 0.456 Thread 0x000002354b269ec0 nmethod 982 0x0000023534e1e710 code [0x0000023534e1e960, 0x0000023534e1f250]
Event: 0.456 Thread 0x000002354b269ec0  985       3       edu.uky.cs.nil.sabre.Signature::covers (56 bytes)
Event: 0.456 Thread 0x000002354b269ec0 nmethod 985 0x0000023534e1f510 code [0x0000023534e1f780, 0x0000023534e20310]
Event: 0.456 Thread 0x000002354b269ec0  987       3       java.lang.invoke.Invokers$Holder::linkToTargetMethod (11 bytes)
Event: 0.456 Thread 0x000002354b269ec0 nmethod 987 0x0000023534e20790 code [0x0000023534e20960, 0x0000023534e20c98]
Event: 0.456 Thread 0x000002354b269ec0  988       3       java.lang.invoke.DirectMethodHandle$Holder::newInvokeSpecial (28 bytes)
Event: 0.457 Thread 0x000002354b269ec0 nmethod 988 0x0000023534e20d90 code [0x0000023534e20f80, 0x0000023534e215d8]
Event: 0.457 Thread 0x000002354b269ec0  989       3       edu.uky.cs.nil.sabre.logic.Logical$$Lambda/0x000002354d085bf8::<init> (20 bytes)
Event: 0.457 Thread 0x000002354b269ec0 nmethod 989 0x0000023534e21790 code [0x0000023534e21940, 0x0000023534e21bd8]
Event: 0.457 Thread 0x000002354b269ec0  991       3       jdk.internal.util.ArraysSupport::mismatch (73 bytes)
Event: 0.457 Thread 0x000002354b269ec0 nmethod 991 0x0000023534e21c90 code [0x0000023534e21e80, 0x0000023534e222a0]
Event: 0.457 Thread 0x000002354b269ec0  986       3       edu.uky.cs.nil.sabre.Fluent::apply (6 bytes)
Event: 0.457 Thread 0x000002354b269ec0 nmethod 986 0x0000023534e22490 code [0x0000023534e22640, 0x0000023534e22798]
Event: 0.457 Thread 0x000002354b269ec0  990       3       edu.uky.cs.nil.sabre.Utilities::compare (22 bytes)
Event: 0.457 Thread 0x000002354b269ec0 nmethod 990 0x0000023534e22890 code [0x0000023534e22a60, 0x0000023534e22de8]
Event: 0.457 Thread 0x000002354b269ec0  992       3       edu.uky.cs.nil.sabre.Fluent::equals (67 bytes)
Event: 0.458 Thread 0x000002354b269ec0 nmethod 992 0x0000023534e22f90 code [0x0000023534e231c0, 0x0000023534e23b00]
Event: 0.458 Thread 0x000002354b269ec0  993       3       edu.uky.cs.nil.sabre.util.ImmutableArray::equals (35 bytes)
Event: 0.458 Thread 0x000002354b269ec0 nmethod 993 0x0000023534e23d90 code [0x0000023534e23f60, 0x0000023534e24390]

GC Heap History (2 events):
Event: 0.349 GC heap before
{Heap before GC invocations=0 (full 0):
 garbage-first heap   total 258048K, used 22528K [0x0000000704c00000, 0x0000000800000000)
  region size 2048K, 11 young (22528K), 0 survivors (0K)
 Metaspace       used 2155K, committed 2368K, reserved 1114112K
  class space    used 259K, committed 384K, reserved 1048576K
}
Event: 0.358 GC heap after
{Heap after GC invocations=1 (full 0):
 garbage-first heap   total 258048K, used 1803K [0x0000000704c00000, 0x0000000800000000)
  region size 2048K, 1 young (2048K), 1 survivors (2048K)
 Metaspace       used 2155K, committed 2368K, reserved 1114112K
  class space    used 259K, committed 384K, reserved 1048576K
}

Dll operation events (5 events):
Event: 0.009 Loaded shared library C:\Program Files\Java\jdk-21\bin\java.dll
Event: 0.046 Loaded shared library C:\Program Files\Java\jdk-21\bin\jsvml.dll
Event: 0.059 Loaded shared library C:\Program Files\Java\jdk-21\bin\net.dll
Event: 0.060 Loaded shared library C:\Program Files\Java\jdk-21\bin\nio.dll
Event: 0.065 Loaded shared library C:\Program Files\Java\jdk-21\bin\zip.dll

Deoptimization events (20 events):
Event: 0.358 Thread 0x000002354b248c70 Uncommon trap: trap_request=0xffffff45 fr.pc=0x000002353c791b00 relative=0x0000000000000160
Event: 0.358 Thread 0x000002354b248c70 Uncommon trap: reason=unstable_if action=reinterpret pc=0x000002353c791b00 method=java.util.concurrent.locks.ReentrantLock$NonfairSync.initialTryLock()Z @ 10 c2
Event: 0.358 Thread 0x000002354b248c70 DEOPT PACKING pc=0x000002353c791b00 sp=0x000000dc6d6fee10
Event: 0.358 Thread 0x000002354b248c70 DEOPT UNPACKING pc=0x000002353c217da2 sp=0x000000dc6d6fedb8 mode 2
Event: 0.398 Thread 0x000002352a753330 Uncommon trap: trap_request=0xffffffc6 fr.pc=0x000002353c7a9be0 relative=0x0000000000000860
Event: 0.398 Thread 0x000002352a753330 Uncommon trap: reason=bimorphic_or_optimized_type_check action=maybe_recompile pc=0x000002353c7a9be0 method=java.lang.Throwable.<init>(Ljava/lang/String;)V @ 24 c2
Event: 0.398 Thread 0x000002352a753330 DEOPT PACKING pc=0x000002353c7a9be0 sp=0x000000dc6cefea50
Event: 0.398 Thread 0x000002352a753330 DEOPT UNPACKING pc=0x000002353c217da2 sp=0x000000dc6cefea10 mode 2
Event: 0.399 Thread 0x000002352a753330 Uncommon trap: trap_request=0xffffffc6 fr.pc=0x000002353c7a9be0 relative=0x0000000000000860
Event: 0.399 Thread 0x000002352a753330 Uncommon trap: reason=bimorphic_or_optimized_type_check action=maybe_recompile pc=0x000002353c7a9be0 method=java.lang.Throwable.<init>(Ljava/lang/String;)V @ 24 c2
Event: 0.399 Thread 0x000002352a753330 DEOPT PACKING pc=0x000002353c7a9be0 sp=0x000000dc6cefea50
Event: 0.399 Thread 0x000002352a753330 DEOPT UNPACKING pc=0x000002353c217da2 sp=0x000000dc6cefea10 mode 2
Event: 0.400 Thread 0x000002352a753330 Uncommon trap: trap_request=0xffffffc6 fr.pc=0x000002353c7a9be0 relative=0x0000000000000860
Event: 0.400 Thread 0x000002352a753330 Uncommon trap: reason=bimorphic_or_optimized_type_check action=maybe_recompile pc=0x000002353c7a9be0 method=java.lang.Throwable.<init>(Ljava/lang/String;)V @ 24 c2
Event: 0.400 Thread 0x000002352a753330 DEOPT PACKING pc=0x000002353c7a9be0 sp=0x000000dc6cefea50
Event: 0.400 Thread 0x000002352a753330 DEOPT UNPACKING pc=0x000002353c217da2 sp=0x000000dc6cefea10 mode 2
Event: 0.400 Thread 0x000002352a753330 Uncommon trap: trap_request=0xffffffc6 fr.pc=0x000002353c7a9be0 relative=0x0000000000000860
Event: 0.401 Thread 0x000002352a753330 Uncommon trap: reason=bimorphic_or_optimized_type_check action=maybe_recompile pc=0x000002353c7a9be0 method=java.lang.Throwable.<init>(Ljava/lang/String;)V @ 24 c2
Event: 0.401 Thread 0x000002352a753330 DEOPT PACKING pc=0x000002353c7a9be0 sp=0x000000dc6cefea50
Event: 0.401 Thread 0x000002352a753330 DEOPT UNPACKING pc=0x000002353c217da2 sp=0x000000dc6cefea10 mode 2

Classes loaded (20 events):
Event: 0.171 Loading class java/io/StringWriter
Event: 0.171 Loading class java/io/StringWriter done
Event: 0.171 Loading class java/io/FileWriter
Event: 0.172 Loading class java/io/FileWriter done
Event: 0.194 Loading class sun/nio/cs/StreamDecoder
Event: 0.194 Loading class sun/nio/cs/StreamDecoder done
Event: 0.194 Loading class sun/nio/cs/UTF_8$Decoder
Event: 0.194 Loading class sun/nio/cs/UTF_8$Decoder done
Event: 0.219 Loading class java/lang/IndexOutOfBoundsException
Event: 0.220 Loading class java/lang/IndexOutOfBoundsException done
Event: 0.264 Loading class java/math/MathContext
Event: 0.264 Loading class java/math/MathContext done
Event: 0.264 Loading class java/lang/ArrayIndexOutOfBoundsException
Event: 0.264 Loading class java/lang/ArrayIndexOutOfBoundsException done
Event: 0.264 Loading class java/lang/NegativeArraySizeException
Event: 0.264 Loading class java/lang/NegativeArraySizeException done
Event: 0.423 Loading class java/util/LinkedHashMap$LinkedKeySet
Event: 0.423 Loading class java/util/LinkedHashMap$LinkedKeySet done
Event: 0.423 Loading class java/util/LinkedHashMap$LinkedKeyIterator
Event: 0.423 Loading class java/util/LinkedHashMap$LinkedKeyIterator done

Classes unloaded (0 events):
No events

Classes redefined (0 events):
No events

Internal exceptions (13 events):
Event: 0.096 Thread 0x000002352a753330 Exception <a 'java/lang/NoSuchMethodError'{0x0000000714562610}: 'java.lang.Object java.lang.invoke.DirectMethodHandle$Holder.invokeStatic(java.lang.Object, java.lang.Object, java.lang.Object, java.lang.Object, java.lang.Object, java.lang.Object, java.lang.Object, java.lang.Object, java.lang.Object, java.lang.Object, java.lang.Object, java.lang.Object, java.lang.Object)'> (0x0000000714562610) 
thrown [s\open\src\hotspot\share\interpreter\linkResolver.cpp, line 773]
Event: 0.100 Thread 0x000002352a753330 Exception <a 'java/lang/NoSuchMethodError'{0x0000000714582588}: 'java.lang.Object java.lang.invoke.DirectMethodHandle$Holder.invokeStatic(java.lang.Object, java.lang.Object, java.lang.Object, java.lang.Object, java.lang.Object, java.lang.Object, java.lang.Object, java.lang.Object, java.lang.Object, java.lang.Object, java.lang.Object, java.lang.Object, java.lang.Object, java.lang.Object)'> (0x0000000714582588) 
thrown [s\open\src\hotspot\share\interpreter\linkResolver.cpp, line 773]
Event: 0.102 Thread 0x000002352a753330 Exception <a 'java/lang/NoSuchMethodError'{0x00000007145a3430}: 'java.lang.Object java.lang.invoke.DirectMethodHandle$Holder.invokeStatic(java.lang.Object, java.lang.Object, java.lang.Object, java.lang.Object, java.lang.Object, java.lang.Object, java.lang.Object, java.lang.Object, java.lang.Object, java.lang.Object, java.lang.Object, java.lang.Object, java.lang.Object, java.lang.Object, java.lang.Object)'> (0x00000007145a3430) 
thrown [s\open\src\hotspot\share\interpreter\linkResolver.cpp, line 773]
Event: 0.105 Thread 0x000002352a753330 Exception <a 'java/lang/NoSuchMethodError'{0x00000007145c6330}: 'java.lang.Object java.lang.invoke.DirectMethodHandle$Holder.invokeStatic(java.lang.Object, java.lang.Object, java.lang.Object, java.lang.Object, java.lang.Object, java.lang.Object, java.lang.Object, java.lang.Object, java.lang.Object, java.lang.Object, java.lang.Object, java.lang.Object, java.lang.Object, java.lang.Object, java.lang.Object, java.lang.Object)'> (0x00000007145c6330) 
thrown [s\open\src\hotspot\share\interpreter\linkResolver.cpp
Event: 0.107 Thread 0x000002352a753330 Exception <a 'java/lang/NoSuchMethodError'{0x00000007145d5a48}: 'java.lang.Object java.lang.invoke.DirectMethodHandle$Holder.invokeSpecial(java.lang.Object, java.lang.Object, long, java.lang.Object, java.lang.Object, java.lang.Object, java.lang.Object, java.lang.Object, java.lang.Object, java.lang.Object, java.lang.Object, java.lang.Object, java.lang.Object, java.lang.Object, java.lang.Object, java.lang.Object, java.lang.Object, java.lang.Object, java.lang.Object, java.lang.Object, java.lang.Object, java.l
Event: 0.107 Thread 0x000002352a753330 Exception <a 'java/lang/NoSuchMethodError'{0x00000007145db930}: 'java.lang.Object java.lang.invoke.DelegatingMethodHandle$Holder.reinvoke_L(java.lang.Object, long, java.lang.Object, java.lang.Object, java.lang.Object, java.lang.Object, java.lang.Object, java.lang.Object, java.lang.Object, java.lang.Object, java.lang.Object, java.lang.Object, java.lang.Object, java.lang.Object, java.lang.Object, java.lang.Object, java.lang.Object, java.lang.Object, java.lang.Object, java.lang.Object, java.lang.Object, java.
Event: 0.112 Thread 0x000002352a753330 Exception <a 'java/lang/NoSuchMethodError'{0x00000007142120a0}: 'java.lang.Object java.lang.invoke.Invokers$Holder.linkToTargetMethod(java.lang.Object, java.lang.Object, java.lang.Object, java.lang.Object, java.lang.Object, java.lang.Object, java.lang.Object, java.lang.Object, java.lang.Object, java.lang.Object, java.lang.Object, java.lang.Object, java.lang.Object, java.lang.Object, java.lang.Object, java.lang.Object, java.lang.Object, java.lang.Object, java.lang.Object, java.lang.Object, java.lang.Object,
Event: 0.114 Thread 0x000002352a753330 Exception <a 'java/lang/NoSuchMethodError'{0x000000071421cfc8}: 'void java.lang.invoke.DirectMethodHandle$Holder.invokeStatic(java.lang.Object, java.lang.Object, java.lang.Object)'> (0x000000071421cfc8) 
thrown [s\open\src\hotspot\share\interpreter\linkResolver.cpp, line 773]
Event: 0.114 Thread 0x000002352a753330 Exception <a 'java/lang/NoSuchMethodError'{0x00000007142205a0}: 'void java.lang.invoke.DirectMethodHandle$Holder.invokeStaticInit(java.lang.Object, java.lang.Object, java.lang.Object)'> (0x00000007142205a0) 
thrown [s\open\src\hotspot\share\interpreter\linkResolver.cpp, line 773]
Event: 0.155 Thread 0x000002352a753330 Exception <a 'java/lang/NoSuchMethodError'{0x0000000714003c80}: 'void java.lang.invoke.DirectMethodHandle$Holder.invokeStatic(java.lang.Object, java.lang.Object)'> (0x0000000714003c80) 
thrown [s\open\src\hotspot\share\interpreter\linkResolver.cpp, line 773]
Event: 0.175 Thread 0x000002352a753330 Exception <a 'java/lang/NoSuchMethodError'{0x000000071409c970}: 'void java.lang.invoke.DirectMethodHandle$Holder.invokeStatic(java.lang.Object, java.lang.Object, java.lang.Object, java.lang.Object)'> (0x000000071409c970) 
thrown [s\open\src\hotspot\share\interpreter\linkResolver.cpp, line 773]
Event: 0.178 Thread 0x000002352a753330 Exception <a 'java/lang/NoSuchMethodError'{0x00000007140b5388}: 'void java.lang.invoke.DirectMethodHandle$Holder.invokeSpecial(java.lang.Object, java.lang.Object, java.lang.Object, java.lang.Object, java.lang.Object)'> (0x00000007140b5388) 
thrown [s\open\src\hotspot\share\interpreter\linkResolver.cpp, line 773]
Event: 0.319 Thread 0x000002352a753330 Implicit null exception at 0x000002353c7a4372 to 0x000002353c7a45d0

ZGC Phase Switch (0 events):
No events

VM Operations (6 events):
Event: 0.066 Executing VM operation: HandshakeAllThreads (Deoptimize)
Event: 0.066 Executing VM operation: HandshakeAllThreads (Deoptimize) done
Event: 0.114 Executing VM operation: HandshakeAllThreads (Deoptimize)
Event: 0.114 Executing VM operation: HandshakeAllThreads (Deoptimize) done
Event: 0.349 Executing VM operation: G1CollectForAllocation (G1 Evacuation Pause)
Event: 0.358 Executing VM operation: G1CollectForAllocation (G1 Evacuation Pause) done

Events (13 events):
Event: 0.027 Thread 0x000002352a753330 Thread added: 0x000002352a753330
Event: 0.043 Thread 0x000002354b248c70 Thread added: 0x000002354b248c70
Event: 0.044 Thread 0x000002354b24a360 Thread added: 0x000002354b24a360
Event: 0.044 Thread 0x000002354b250580 Thread added: 0x000002354b250580
Event: 0.044 Thread 0x000002354b2510d0 Thread added: 0x000002354b2510d0
Event: 0.044 Thread 0x000002354b253f90 Thread added: 0x000002354b253f90
Event: 0.044 Thread 0x000002354b255c60 Thread added: 0x000002354b255c60
Event: 0.044 Thread 0x000002354b268d30 Thread added: 0x000002354b268d30
Event: 0.044 Thread 0x000002354b269ec0 Thread added: 0x000002354b269ec0
Event: 0.055 Thread 0x000002354bb88f70 Thread added: 0x000002354bb88f70
Event: 0.057 Thread 0x000002354bb8e7c0 Thread added: 0x000002354bb8e7c0
Event: 0.202 Thread 0x000002354bd71de0 Thread added: 0x000002354bd71de0
Event: 0.203 Thread 0x0000023591030060 Thread added: 0x0000023591030060


Dynamic libraries:
0x00007ff6e6230000 - 0x00007ff6e6240000 	C:\Program Files\Java\jdk-21\bin\java.exe
0x00007ffb86770000 - 0x00007ffb86987000 	C:\WINDOWS\SYSTEM32\ntdll.dll
0x00007ffb30bb0000 - 0x00007ffb30bca000 	C:\Program Files\Avast Software\Avast\aswhook.dll
0x00007ffb847d0000 - 0x00007ffb84894000 	C:\WINDOWS\System32\KERNEL32.DLL
0x00007ffb83ad0000 - 0x00007ffb83e7d000 	C:\WINDOWS\System32\KERNELBASE.dll
0x00007ffb84250000 - 0x00007ffb84361000 	C:\WINDOWS\System32\ucrtbase.dll
0x00007ffb63630000 - 0x00007ffb6364b000 	C:\Program Files\Java\jdk-21\bin\VCRUNTIME140.dll
0x00007ffb63610000 - 0x00007ffb63629000 	C:\Program Files\Java\jdk-21\bin\jli.dll
0x00007ffb85fc0000 - 0x00007ffb86072000 	C:\WINDOWS\System32\ADVAPI32.dll
0x00007ffb86230000 - 0x00007ffb862d7000 	C:\WINDOWS\System32\msvcrt.dll
0x00007ffb84ce0000 - 0x00007ffb84d89000 	C:\WINDOWS\System32\sechost.dll
0x00007ffb83aa0000 - 0x00007ffb83ac8000 	C:\WINDOWS\System32\bcrypt.dll
0x00007ffb844b0000 - 0x00007ffb845c4000 	C:\WINDOWS\System32\RPCRT4.dll
0x00007ffb862e0000 - 0x00007ffb8648e000 	C:\WINDOWS\System32\USER32.dll
0x00007ffb84410000 - 0x00007ffb84436000 	C:\WINDOWS\System32\win32u.dll
0x00007ffb85b10000 - 0x00007ffb85b39000 	C:\WINDOWS\System32\GDI32.dll
0x00007ffb73630000 - 0x00007ffb738c3000 	C:\WINDOWS\WinSxS\amd64_microsoft.windows.common-controls_6595b64144ccf1df_6.0.22621.3672_none_2713b9d173822955\COMCTL32.dll
0x00007ffb83ff0000 - 0x00007ffb84109000 	C:\WINDOWS\System32\gdi32full.dll
0x00007ffb84370000 - 0x00007ffb8440a000 	C:\WINDOWS\System32\msvcp_win.dll
0x00007ffb738d0000 - 0x00007ffb738da000 	C:\WINDOWS\SYSTEM32\VERSION.dll
0x00007ffb85920000 - 0x00007ffb85951000 	C:\WINDOWS\System32\IMM32.DLL
0x00007ffb7be90000 - 0x00007ffb7be9c000 	C:\Program Files\Java\jdk-21\bin\vcruntime140_1.dll
0x00007ffb32c50000 - 0x00007ffb32cde000 	C:\Program Files\Java\jdk-21\bin\msvcp140.dll
0x00007ffb06b60000 - 0x00007ffb07875000 	C:\Program Files\Java\jdk-21\bin\server\jvm.dll
0x00007ffb84750000 - 0x00007ffb847c1000 	C:\WINDOWS\System32\WS2_32.dll
0x00007ffb828f0000 - 0x00007ffb8293d000 	C:\WINDOWS\SYSTEM32\POWRPROF.dll
0x00007ffb776d0000 - 0x00007ffb77704000 	C:\WINDOWS\SYSTEM32\WINMM.dll
0x00007ffb828d0000 - 0x00007ffb828e3000 	C:\WINDOWS\SYSTEM32\UMPDC.dll
0x00007ffb82b80000 - 0x00007ffb82b98000 	C:\WINDOWS\SYSTEM32\kernel.appcore.dll
0x00007ffb740e0000 - 0x00007ffb740ea000 	C:\Program Files\Java\jdk-21\bin\jimage.dll
0x00007ffb81290000 - 0x00007ffb814c2000 	C:\WINDOWS\SYSTEM32\DBGHELP.DLL
0x00007ffb84950000 - 0x00007ffb84cd8000 	C:\WINDOWS\System32\combase.dll
0x00007ffb84f50000 - 0x00007ffb85027000 	C:\WINDOWS\System32\OLEAUT32.dll
0x00007ffb741b0000 - 0x00007ffb741e2000 	C:\WINDOWS\SYSTEM32\dbgcore.DLL
0x00007ffb841d0000 - 0x00007ffb8424b000 	C:\WINDOWS\System32\bcryptPrimitives.dll
0x00007ffb50730000 - 0x00007ffb5074f000 	C:\Program Files\Java\jdk-21\bin\java.dll
0x00007ffb850b0000 - 0x00007ffb8590f000 	C:\WINDOWS\System32\SHELL32.dll
0x00007ffb819b0000 - 0x00007ffb822ac000 	C:\WINDOWS\SYSTEM32\windows.storage.dll
0x00007ffb81870000 - 0x00007ffb819af000 	C:\WINDOWS\SYSTEM32\wintypes.dll
0x00007ffb86580000 - 0x00007ffb86674000 	C:\WINDOWS\System32\SHCORE.dll
0x00007ffb85050000 - 0x00007ffb850ae000 	C:\WINDOWS\System32\shlwapi.dll
0x00007ffb839d0000 - 0x00007ffb839f1000 	C:\WINDOWS\SYSTEM32\profapi.dll
0x00007ffb0ff80000 - 0x00007ffb10057000 	C:\Program Files\Java\jdk-21\bin\jsvml.dll
0x00007ffb63600000 - 0x00007ffb63610000 	C:\Program Files\Java\jdk-21\bin\net.dll
0x00007ffb78b90000 - 0x00007ffb78cc6000 	C:\WINDOWS\SYSTEM32\WINHTTP.dll
0x00007ffb82fe0000 - 0x00007ffb83049000 	C:\WINDOWS\system32\mswsock.dll
0x00007ffb49e00000 - 0x00007ffb49e16000 	C:\Program Files\Java\jdk-21\bin\nio.dll
0x00007ffb49de0000 - 0x00007ffb49df8000 	C:\Program Files\Java\jdk-21\bin\zip.dll

dbghelp: loaded successfully - version: 4.0.5 - missing functions: none
symbol engine: initialized successfully - sym options: 0x614 - pdb path: .;C:\Program Files\Java\jdk-21\bin;C:\WINDOWS\SYSTEM32;C:\Program Files\Avast Software\Avast;C:\WINDOWS\WinSxS\amd64_microsoft.windows.common-controls_6595b64144ccf1df_6.0.22621.3672_none_2713b9d173822955;C:\Program Files\Java\jdk-21\bin\server

VM Arguments:
java_command: ..\\lib\\sabre.jar -p rl_planner2.txt -el 0 -h h+ -c n -tl 3100
java_class_path (initial): ..\\lib\\sabre.jar
Launcher Type: SUN_STANDARD

[Global flags]
     intx CICompilerCount                          = 4                                         {product} {ergonomic}
     uint ConcGCThreads                            = 2                                         {product} {ergonomic}
     uint G1ConcRefinementThreads                  = 8                                         {product} {ergonomic}
   size_t G1HeapRegionSize                         = 2097152                                   {product} {ergonomic}
    uintx GCDrainStackTargetSize                   = 64                                        {product} {ergonomic}
   size_t InitialHeapSize                          = 264241152                                 {product} {ergonomic}
   size_t MarkStackSize                            = 4194304                                   {product} {ergonomic}
   size_t MaxHeapSize                              = 4215275520                                {product} {ergonomic}
   size_t MaxNewSize                               = 2529165312                                {product} {ergonomic}
   size_t MinHeapDeltaBytes                        = 2097152                                   {product} {ergonomic}
   size_t MinHeapSize                              = 8388608                                   {product} {ergonomic}
    uintx NonNMethodCodeHeapSize                   = 5839372                                {pd product} {ergonomic}
    uintx NonProfiledCodeHeapSize                  = 122909434                              {pd product} {ergonomic}
    uintx ProfiledCodeHeapSize                     = 122909434                              {pd product} {ergonomic}
    uintx ReservedCodeCacheSize                    = 251658240                              {pd product} {ergonomic}
     bool SegmentedCodeCache                       = true                                      {product} {ergonomic}
   size_t SoftMaxHeapSize                          = 4215275520                             {manageable} {ergonomic}
     bool UseCompressedOops                        = true                           {product lp64_product} {ergonomic}
     bool UseG1GC                                  = true                                      {product} {ergonomic}
     bool UseLargePagesIndividualAllocation        = false                                  {pd product} {ergonomic}

Logging:
Log output configuration:
 #0: stdout all=warning uptime,level,tags foldmultilines=false
 #1: stderr all=off uptime,level,tags foldmultilines=false

Environment Variables:
PATH=C:\Users\kacpe\AppData\Local\Packages\PythonSoftwareFoundation.Python.3.10_qbz5n2kfra8p0\LocalCache\local-packages\Python310\site-packages\cv2\../../x64/vc14/bin;c:\Users\kacpe\AppData\Local\Microsoft\WindowsApps;c:\Users\kacpe\AppData\Local\Packages\PythonSoftwareFoundation.Python.3.10_qbz5n2kfra8p0\LocalCache\local-packages\Python310\Scripts;C:\Program Files\Alacritty\;C:\Program Files\Common Files\Oracle\Java\javapath;C:\Program Files (x86)\Common Files\Oracle\Java\javapath;C:\Users\kacpe\AppData\Local\Packages\PythonSoftwareFoundation.Python.3.10_qbz5n2kfra8p0\LocalCache\local-packages\Python310\Scripts;C:\WINDOWS\system32;C:\WINDOWS;C:\WINDOWS\System32\Wbem;C:\WINDOWS\System32\WindowsPowerShell\v1.0\;C:\WINDOWS\System32\OpenSSH\;C:\Program Files\Microsoft VS Code\bin;C:\Program Files\dotnet\;E:\Git\cmd;E:\Git LFS;C:\Program Files\Docker\Docker\resources\bin;C:\ProgramData\chocolatey\bin;C:\Users\kacpe\AppData\Local\Microsoft\WindowsApps;C:\Users\kacpe\AppData\Local\GitHubDesktop\bin;C:\Users\kacpe\AppData\Local\Packages\PythonSoftwareFoundation.Python.3.10_qbz5n2kfra8p0\LocalCache\local-packages\Python310\Scripts;C:\Users\kacpe\AppData\Local\Packages\PythonSoftwareFoundation.Python.3.10_qbz5n2kfra8p0\LocalCache\local-packages\Python310;C:\Users\kacpe\.dotnet\tools;C:\Program Files\OpenSSL-Win64\bin;;C:\Program Files\Alacritty\;C:\Program Files\Common Files\Oracle\Java\javapath;C:\Program Files (x86)\Common Files\Oracle\Java\javapath;C:\Users\kacpe\AppData\Local\Packages\PythonSoftwareFoundation.Python.3.10_qbz5n2kfra8p0\LocalCache\local-packages\Python310\Scripts;C:\WINDOWS\system32;C:\WINDOWS;C:\WINDOWS\System32\Wbem;C:\WINDOWS\System32\WindowsPowerShell\v1.0\;C:\WINDOWS\System32\OpenSSH\;C:\Program Files\Microsoft VS Code\bin;C:\Program Files\dotnet\;E:\Git\cmd;E:\Git LFS;C:\Program Files\Docker\Docker\resources\bin;C:\ProgramData\chocolatey\bin;C:\Users\kacpe\AppData\Local\Microsoft\WindowsApps;C:\Users\kacpe\AppData\Local\GitHubDesktop\bin;C:\Users\kacpe\AppData\Local\Packages\PythonSoftwareFoundation.Python.3.10_qbz5n2kfra8p0\LocalCache\local-packages\Python310\Scripts;C:\Users\kacpe\AppData\Local\Packages\PythonSoftwareFoundation.Python.3.10_qbz5n2kfra8p0\LocalCache\local-packages\Python310;C:\Users\kacpe\.dotnet\tools;C:\Program Files\OpenSSL-Win64\bin;;C:\Users\kacpe\AppData\Local\Packages\PythonSoftwareFoundation.Python.3.10_qbz5n2kfra8p0\LocalCache\local-packages\Python310\site-packages\pygame
USERNAME=kacpe
TERM=xterm-color
OS=Windows_NT
PROCESSOR_IDENTIFIER=Intel64 Family 6 Model 140 Stepping 1, GenuineIntel
TMP=C:\Users\kacpe\AppData\Local\Temp
TEMP=C:\Users\kacpe\AppData\Local\Temp




Periodic native trim disabled

---------------  S Y S T E M  ---------------

OS:
 Windows 11 , 64 bit Build 22621 (10.0.22621.3672)
OS uptime: 4 days 11:37 hours
Hyper-V role detected

CPU: total 8 (initial active 8) (4 cores per cpu, 2 threads per core) family 6 model 140 stepping 1 microcode 0x9a, cx8, cmov, fxsr, ht, mmx, 3dnowpref, sse, sse2, sse3, ssse3, sse4.1, sse4.2, popcnt, lzcnt, tsc, tscinvbit, avx, avx2, aes, erms, clmul, bmi1, bmi2, adx, avx512f, avx512dq, avx512cd, avx512bw, avx512vl, sha, fma, vzeroupper, avx512_vpopcntdq, avx512_vpclmulqdq, avx512_vaes, avx512_vnni, clflush, clflushopt, clwb, avx512_vbmi2, avx512_vbmi, hv, rdtscp, rdpid, fsrm, gfni, avx512_bitalg, f16c, cet_ibt, cet_ss, avx512_ifma
Processor Information for all 8 processors :
  Max Mhz: 2419, Current Mhz: 2419, Mhz Limit: 2419

Memory: 4k page, system-wide physical 16078M (2632M free)
TotalPageFile size 25995M (AvailPageFile size 6M)
current process WorkingSet (physical memory assigned to process): 79M, peak: 79M
current process commit charge ("private bytes"): 353M, peak: 354M

vm_info: Java HotSpot(TM) 64-Bit Server VM (21.0.1+12-LTS-29) for windows-amd64 JRE (21.0.1+12-LTS-29), built on 2023-10-05T13:27:09Z by "mach5one" with MS VC++ 17.1 (VS2022)

END.
