#
# There is insufficient memory for the Java Runtime Environment to continue.
# Native memory allocation (malloc) failed to allocate 497296 bytes for Chunk::new
# Possible reasons:
#   The system is out of physical RAM or swap space
#   The process is running with CompressedOops enabled, and the Java Heap may be blocking the growth of the native heap
# Possible solutions:
#   Reduce memory load on the system
#   Increase physical memory or swap space
#   Check if swap backing store is full
#   Decrease Java heap size (-Xmx/-Xms)
#   Decrease number of Java threads
#   Decrease Java thread stack sizes (-Xss)
#   Set larger code cache with -XX:ReservedCodeCacheSize=
#   JVM is running with Zero Based Compressed Oops mode in which the Java heap is
#     placed in the first 32GB address space. The Java Heap base address is the
#     maximum limit for the native heap growth. Please use -XX:HeapBaseMinAddress
#     to set the Java Heap base and to place the Java Heap above 32GB virtual address.
# This output file may be truncated or incomplete.
#
#  Out of Memory Error (arena.cpp:168), pid=8512, tid=15296
#
# JRE version: Java(TM) SE Runtime Environment (21.0.1+12) (build 21.0.1+12-LTS-29)
# Java VM: Java HotSpot(TM) 64-Bit Server VM (21.0.1+12-LTS-29, mixed mode, sharing, tiered, compressed oops, compressed class ptrs, g1 gc, windows-amd64)
# No core dump will be written. Minidumps are not enabled by default on client versions of Windows
#

---------------  S U M M A R Y ------------

Command Line: ..\\lib\\sabre.jar -p rl_planner2.txt -el 0 -h h+ -c n -tl 3100

Host: 11th Gen Intel(R) Core(TM) i5-1135G7 @ 2.40GHz, 8 cores, 15G,  Windows 11 , 64 bit Build 22621 (10.0.22621.3672)
Time: Wed Aug  7 19:57:07 2024  Windows 11 , 64 bit Build 22621 (10.0.22621.3672) elapsed time: 1.071127 seconds (0d 0h 0m 1s)

---------------  T H R E A D  ---------------

Current thread (0x000001b33b2ed8b0):  JavaThread "C2 CompilerThread0" daemon [_thread_in_native, id=15296, stack(0x0000009377a00000,0x0000009377b00000) (1024K)]


Current CompileTask:
C2:   1071  606       4       edu.uky.cs.nil.sabre.io.Tokenizer::getInstruction (266 bytes)

Stack: [0x0000009377a00000,0x0000009377b00000]
Native frames: (J=compiled Java code, j=interpreted, Vv=VM code, C=native code)
V  [jvm.dll+0x6c9029]
V  [jvm.dll+0x854b81]
V  [jvm.dll+0x856e5e]
V  [jvm.dll+0x857543]
V  [jvm.dll+0x280c06]
V  [jvm.dll+0xc3ead]
V  [jvm.dll+0xc43c3]
V  [jvm.dll+0x3b5732]
V  [jvm.dll+0x382475]
V  [jvm.dll+0x3818ea]
V  [jvm.dll+0x249ad0]
V  [jvm.dll+0x2490b1]
V  [jvm.dll+0x1c9ca1]
V  [jvm.dll+0x2586b9]
V  [jvm.dll+0x256c9a]
V  [jvm.dll+0x3ef1b6]
V  [jvm.dll+0x7fd728]
V  [jvm.dll+0x6c777d]
C  [ucrtbase.dll+0x29333]
C  [KERNEL32.DLL+0x1257d]
C  [ntdll.dll+0x5af28]


---------------  P R O C E S S  ---------------

Threads class SMR info:
_java_thread_list=0x000001b33b5f2cd0, length=13, elements={
0x000001b31c2ab1e0, 0x000001b33b2e2130, 0x000001b33b2e3050, 0x000001b33b2e7180,
0x000001b33b2e7cd0, 0x000001b33b2e9f00, 0x000001b33b2ea960, 0x000001b33b2ed8b0,
0x000001b33b2f0630, 0x000001b33b5212d0, 0x000001b33b5300a0, 0x000001b33b80f1c0,
0x000001b33b812060
}

Java Threads: ( => current thread )
  0x000001b31c2ab1e0 JavaThread "main"                              [_thread_in_vm, id=8420, stack(0x0000009376c00000,0x0000009376d00000) (1024K)]
  0x000001b33b2e2130 JavaThread "Reference Handler"          daemon [_thread_blocked, id=17732, stack(0x0000009377400000,0x0000009377500000) (1024K)]
  0x000001b33b2e3050 JavaThread "Finalizer"                  daemon [_thread_blocked, id=9892, stack(0x0000009377500000,0x0000009377600000) (1024K)]
  0x000001b33b2e7180 JavaThread "Signal Dispatcher"          daemon [_thread_blocked, id=29336, stack(0x0000009377600000,0x0000009377700000) (1024K)]
  0x000001b33b2e7cd0 JavaThread "Attach Listener"            daemon [_thread_blocked, id=1720, stack(0x0000009377700000,0x0000009377800000) (1024K)]
  0x000001b33b2e9f00 JavaThread "Service Thread"             daemon [_thread_blocked, id=15672, stack(0x0000009377800000,0x0000009377900000) (1024K)]
  0x000001b33b2ea960 JavaThread "Monitor Deflation Thread"   daemon [_thread_blocked, id=5024, stack(0x0000009377900000,0x0000009377a00000) (1024K)]
=>0x000001b33b2ed8b0 JavaThread "C2 CompilerThread0"         daemon [_thread_in_native, id=15296, stack(0x0000009377a00000,0x0000009377b00000) (1024K)]
  0x000001b33b2f0630 JavaThread "C1 CompilerThread0"         daemon [_thread_in_native, id=5952, stack(0x0000009377b00000,0x0000009377c00000) (1024K)]
  0x000001b33b5212d0 JavaThread "Notification Thread"        daemon [_thread_blocked, id=14824, stack(0x0000009377c00000,0x0000009377d00000) (1024K)]
  0x000001b33b5300a0 JavaThread "Common-Cleaner"             daemon [_thread_blocked, id=28564, stack(0x0000009377d00000,0x0000009377e00000) (1024K)]
  0x000001b33b80f1c0 JavaThread "C2 CompilerThread1"         daemon [_thread_in_native, id=24120, stack(0x0000009377e00000,0x0000009377f00000) (1024K)]
  0x000001b33b812060 JavaThread "C2 CompilerThread2"         daemon [_thread_in_native, id=16868, stack(0x0000009377f00000,0x0000009378000000) (1024K)]
Total: 13

Other Threads:
  0x000001b31a15f9a0 VMThread "VM Thread"                           [id=15632, stack(0x0000009377300000,0x0000009377400000) (1024K)]
  0x000001b33b2a9980 WatcherThread "VM Periodic Task Thread"        [id=3208, stack(0x0000009377200000,0x0000009377300000) (1024K)]
  0x000001b31a1600e0 WorkerThread "GC Thread#0"                     [id=7224, stack(0x0000009376d00000,0x0000009376e00000) (1024K)]
  0x000001b31c31b820 ConcurrentGCThread "G1 Main Marker"            [id=11944, stack(0x0000009376e00000,0x0000009376f00000) (1024K)]
  0x000001b31a160bc0 WorkerThread "G1 Conc#0"                       [id=8016, stack(0x0000009376f00000,0x0000009377000000) (1024K)]
  0x000001b33b17e550 ConcurrentGCThread "G1 Refine#0"               [id=6728, stack(0x0000009377000000,0x0000009377100000) (1024K)]
  0x000001b33b17f0c0 ConcurrentGCThread "G1 Service"                [id=20848, stack(0x0000009377100000,0x0000009377200000) (1024K)]
Total: 7

Threads with active compile tasks:
C2 CompilerThread0     1118  606       4       edu.uky.cs.nil.sabre.io.Tokenizer::getInstruction (266 bytes)
C1 CompilerThread0     1119  719       3       edu.uky.cs.nil.sabre.io.ParseTree::<init> (83 bytes)
C2 CompilerThread1     1119  702       4       java.lang.StringBuilder::append (8 bytes)
C2 CompilerThread2     1119  703       4       jdk.internal.org.objectweb.asm.SymbolTable::put (150 bytes)
Total: 4

VM state: not at safepoint (normal execution)

VM Mutex/Monitor currently owned by a thread: None

Heap address: 0x0000000704c00000, size: 4020 MB, Compressed Oops mode: Zero based, Oop shift amount: 3

CDS archive(s) mapped at: [0x000001b33c000000-0x000001b33cc90000-0x000001b33cc90000), size 13172736, SharedBaseAddress: 0x000001b33c000000, ArchiveRelocationMode: 1.
Compressed class space mapped at: 0x000001b33d000000-0x000001b37d000000, reserved size: 1073741824
Narrow klass base: 0x000001b33c000000, Narrow klass shift: 0, Narrow klass range: 0x100000000

GC Precious Log:
 CardTable entry size: 512
 Card Set container configuration: InlinePtr #cards 4 size 8 Array Of Cards #cards 16 size 48 Howl #buckets 8 coarsen threshold 3686 Howl Bitmap #cards 512 size 80 coarsen threshold 460 Card regions per heap region 1 cards per card region 4096
 CPUs: 8 total, 8 available
 Memory: 16078M
 Large Page Support: Disabled
 NUMA Support: Disabled
 Compressed Oops: Enabled (Zero based)
 Heap Region Size: 2M
 Heap Min Capacity: 8M
 Heap Initial Capacity: 252M
 Heap Max Capacity: 4020M
 Pre-touch: Disabled
 Parallel Workers: 8
 Concurrent Workers: 2
 Concurrent Refinement Workers: 8
 Periodic GC: Disabled

Heap:
 garbage-first heap   total 258048K, used 8192K [0x0000000704c00000, 0x0000000800000000)
  region size 2048K, 5 young (10240K), 0 survivors (0K)
 Metaspace       used 2109K, committed 2368K, reserved 1114112K
  class space    used 260K, committed 384K, reserved 1048576K

Heap Regions: E=young(eden), S=young(survivor), O=old, HS=humongous(starts), HC=humongous(continues), CS=collection set, F=free, TAMS=top-at-mark-start, PB=parsable bottom
|   0|0x0000000704c00000, 0x0000000704c00000, 0x0000000704e00000|  0%| F|  |TAMS 0x0000000704c00000| PB 0x0000000704c00000| Untracked 
|   1|0x0000000704e00000, 0x0000000704e00000, 0x0000000705000000|  0%| F|  |TAMS 0x0000000704e00000| PB 0x0000000704e00000| Untracked 
|   2|0x0000000705000000, 0x0000000705000000, 0x0000000705200000|  0%| F|  |TAMS 0x0000000705000000| PB 0x0000000705000000| Untracked 
|   3|0x0000000705200000, 0x0000000705200000, 0x0000000705400000|  0%| F|  |TAMS 0x0000000705200000| PB 0x0000000705200000| Untracked 
|   4|0x0000000705400000, 0x0000000705400000, 0x0000000705600000|  0%| F|  |TAMS 0x0000000705400000| PB 0x0000000705400000| Untracked 
|   5|0x0000000705600000, 0x0000000705600000, 0x0000000705800000|  0%| F|  |TAMS 0x0000000705600000| PB 0x0000000705600000| Untracked 
|   6|0x0000000705800000, 0x0000000705800000, 0x0000000705a00000|  0%| F|  |TAMS 0x0000000705800000| PB 0x0000000705800000| Untracked 
|   7|0x0000000705a00000, 0x0000000705a00000, 0x0000000705c00000|  0%| F|  |TAMS 0x0000000705a00000| PB 0x0000000705a00000| Untracked 
|   8|0x0000000705c00000, 0x0000000705c00000, 0x0000000705e00000|  0%| F|  |TAMS 0x0000000705c00000| PB 0x0000000705c00000| Untracked 
|   9|0x0000000705e00000, 0x0000000705e00000, 0x0000000706000000|  0%| F|  |TAMS 0x0000000705e00000| PB 0x0000000705e00000| Untracked 
|  10|0x0000000706000000, 0x0000000706000000, 0x0000000706200000|  0%| F|  |TAMS 0x0000000706000000| PB 0x0000000706000000| Untracked 
|  11|0x0000000706200000, 0x0000000706200000, 0x0000000706400000|  0%| F|  |TAMS 0x0000000706200000| PB 0x0000000706200000| Untracked 
|  12|0x0000000706400000, 0x0000000706400000, 0x0000000706600000|  0%| F|  |TAMS 0x0000000706400000| PB 0x0000000706400000| Untracked 
|  13|0x0000000706600000, 0x0000000706600000, 0x0000000706800000|  0%| F|  |TAMS 0x0000000706600000| PB 0x0000000706600000| Untracked 
|  14|0x0000000706800000, 0x0000000706800000, 0x0000000706a00000|  0%| F|  |TAMS 0x0000000706800000| PB 0x0000000706800000| Untracked 
|  15|0x0000000706a00000, 0x0000000706a00000, 0x0000000706c00000|  0%| F|  |TAMS 0x0000000706a00000| PB 0x0000000706a00000| Untracked 
|  16|0x0000000706c00000, 0x0000000706c00000, 0x0000000706e00000|  0%| F|  |TAMS 0x0000000706c00000| PB 0x0000000706c00000| Untracked 
|  17|0x0000000706e00000, 0x0000000706e00000, 0x0000000707000000|  0%| F|  |TAMS 0x0000000706e00000| PB 0x0000000706e00000| Untracked 
|  18|0x0000000707000000, 0x0000000707000000, 0x0000000707200000|  0%| F|  |TAMS 0x0000000707000000| PB 0x0000000707000000| Untracked 
|  19|0x0000000707200000, 0x0000000707200000, 0x0000000707400000|  0%| F|  |TAMS 0x0000000707200000| PB 0x0000000707200000| Untracked 
|  20|0x0000000707400000, 0x0000000707400000, 0x0000000707600000|  0%| F|  |TAMS 0x0000000707400000| PB 0x0000000707400000| Untracked 
|  21|0x0000000707600000, 0x0000000707600000, 0x0000000707800000|  0%| F|  |TAMS 0x0000000707600000| PB 0x0000000707600000| Untracked 
|  22|0x0000000707800000, 0x0000000707800000, 0x0000000707a00000|  0%| F|  |TAMS 0x0000000707800000| PB 0x0000000707800000| Untracked 
|  23|0x0000000707a00000, 0x0000000707a00000, 0x0000000707c00000|  0%| F|  |TAMS 0x0000000707a00000| PB 0x0000000707a00000| Untracked 
|  24|0x0000000707c00000, 0x0000000707c00000, 0x0000000707e00000|  0%| F|  |TAMS 0x0000000707c00000| PB 0x0000000707c00000| Untracked 
|  25|0x0000000707e00000, 0x0000000707e00000, 0x0000000708000000|  0%| F|  |TAMS 0x0000000707e00000| PB 0x0000000707e00000| Untracked 
|  26|0x0000000708000000, 0x0000000708000000, 0x0000000708200000|  0%| F|  |TAMS 0x0000000708000000| PB 0x0000000708000000| Untracked 
|  27|0x0000000708200000, 0x0000000708200000, 0x0000000708400000|  0%| F|  |TAMS 0x0000000708200000| PB 0x0000000708200000| Untracked 
|  28|0x0000000708400000, 0x0000000708400000, 0x0000000708600000|  0%| F|  |TAMS 0x0000000708400000| PB 0x0000000708400000| Untracked 
|  29|0x0000000708600000, 0x0000000708600000, 0x0000000708800000|  0%| F|  |TAMS 0x0000000708600000| PB 0x0000000708600000| Untracked 
|  30|0x0000000708800000, 0x0000000708800000, 0x0000000708a00000|  0%| F|  |TAMS 0x0000000708800000| PB 0x0000000708800000| Untracked 
|  31|0x0000000708a00000, 0x0000000708a00000, 0x0000000708c00000|  0%| F|  |TAMS 0x0000000708a00000| PB 0x0000000708a00000| Untracked 
|  32|0x0000000708c00000, 0x0000000708c00000, 0x0000000708e00000|  0%| F|  |TAMS 0x0000000708c00000| PB 0x0000000708c00000| Untracked 
|  33|0x0000000708e00000, 0x0000000708e00000, 0x0000000709000000|  0%| F|  |TAMS 0x0000000708e00000| PB 0x0000000708e00000| Untracked 
|  34|0x0000000709000000, 0x0000000709000000, 0x0000000709200000|  0%| F|  |TAMS 0x0000000709000000| PB 0x0000000709000000| Untracked 
|  35|0x0000000709200000, 0x0000000709200000, 0x0000000709400000|  0%| F|  |TAMS 0x0000000709200000| PB 0x0000000709200000| Untracked 
|  36|0x0000000709400000, 0x0000000709400000, 0x0000000709600000|  0%| F|  |TAMS 0x0000000709400000| PB 0x0000000709400000| Untracked 
|  37|0x0000000709600000, 0x0000000709600000, 0x0000000709800000|  0%| F|  |TAMS 0x0000000709600000| PB 0x0000000709600000| Untracked 
|  38|0x0000000709800000, 0x0000000709800000, 0x0000000709a00000|  0%| F|  |TAMS 0x0000000709800000| PB 0x0000000709800000| Untracked 
|  39|0x0000000709a00000, 0x0000000709a00000, 0x0000000709c00000|  0%| F|  |TAMS 0x0000000709a00000| PB 0x0000000709a00000| Untracked 
|  40|0x0000000709c00000, 0x0000000709c00000, 0x0000000709e00000|  0%| F|  |TAMS 0x0000000709c00000| PB 0x0000000709c00000| Untracked 
|  41|0x0000000709e00000, 0x0000000709e00000, 0x000000070a000000|  0%| F|  |TAMS 0x0000000709e00000| PB 0x0000000709e00000| Untracked 
|  42|0x000000070a000000, 0x000000070a000000, 0x000000070a200000|  0%| F|  |TAMS 0x000000070a000000| PB 0x000000070a000000| Untracked 
|  43|0x000000070a200000, 0x000000070a200000, 0x000000070a400000|  0%| F|  |TAMS 0x000000070a200000| PB 0x000000070a200000| Untracked 
|  44|0x000000070a400000, 0x000000070a400000, 0x000000070a600000|  0%| F|  |TAMS 0x000000070a400000| PB 0x000000070a400000| Untracked 
|  45|0x000000070a600000, 0x000000070a600000, 0x000000070a800000|  0%| F|  |TAMS 0x000000070a600000| PB 0x000000070a600000| Untracked 
|  46|0x000000070a800000, 0x000000070a800000, 0x000000070aa00000|  0%| F|  |TAMS 0x000000070a800000| PB 0x000000070a800000| Untracked 
|  47|0x000000070aa00000, 0x000000070aa00000, 0x000000070ac00000|  0%| F|  |TAMS 0x000000070aa00000| PB 0x000000070aa00000| Untracked 
|  48|0x000000070ac00000, 0x000000070ac00000, 0x000000070ae00000|  0%| F|  |TAMS 0x000000070ac00000| PB 0x000000070ac00000| Untracked 
|  49|0x000000070ae00000, 0x000000070ae00000, 0x000000070b000000|  0%| F|  |TAMS 0x000000070ae00000| PB 0x000000070ae00000| Untracked 
|  50|0x000000070b000000, 0x000000070b000000, 0x000000070b200000|  0%| F|  |TAMS 0x000000070b000000| PB 0x000000070b000000| Untracked 
|  51|0x000000070b200000, 0x000000070b200000, 0x000000070b400000|  0%| F|  |TAMS 0x000000070b200000| PB 0x000000070b200000| Untracked 
|  52|0x000000070b400000, 0x000000070b400000, 0x000000070b600000|  0%| F|  |TAMS 0x000000070b400000| PB 0x000000070b400000| Untracked 
|  53|0x000000070b600000, 0x000000070b600000, 0x000000070b800000|  0%| F|  |TAMS 0x000000070b600000| PB 0x000000070b600000| Untracked 
|  54|0x000000070b800000, 0x000000070b800000, 0x000000070ba00000|  0%| F|  |TAMS 0x000000070b800000| PB 0x000000070b800000| Untracked 
|  55|0x000000070ba00000, 0x000000070ba00000, 0x000000070bc00000|  0%| F|  |TAMS 0x000000070ba00000| PB 0x000000070ba00000| Untracked 
|  56|0x000000070bc00000, 0x000000070bc00000, 0x000000070be00000|  0%| F|  |TAMS 0x000000070bc00000| PB 0x000000070bc00000| Untracked 
|  57|0x000000070be00000, 0x000000070be00000, 0x000000070c000000|  0%| F|  |TAMS 0x000000070be00000| PB 0x000000070be00000| Untracked 
|  58|0x000000070c000000, 0x000000070c000000, 0x000000070c200000|  0%| F|  |TAMS 0x000000070c000000| PB 0x000000070c000000| Untracked 
|  59|0x000000070c200000, 0x000000070c200000, 0x000000070c400000|  0%| F|  |TAMS 0x000000070c200000| PB 0x000000070c200000| Untracked 
|  60|0x000000070c400000, 0x000000070c400000, 0x000000070c600000|  0%| F|  |TAMS 0x000000070c400000| PB 0x000000070c400000| Untracked 
|  61|0x000000070c600000, 0x000000070c600000, 0x000000070c800000|  0%| F|  |TAMS 0x000000070c600000| PB 0x000000070c600000| Untracked 
|  62|0x000000070c800000, 0x000000070c800000, 0x000000070ca00000|  0%| F|  |TAMS 0x000000070c800000| PB 0x000000070c800000| Untracked 
|  63|0x000000070ca00000, 0x000000070ca00000, 0x000000070cc00000|  0%| F|  |TAMS 0x000000070ca00000| PB 0x000000070ca00000| Untracked 
|  64|0x000000070cc00000, 0x000000070cc00000, 0x000000070ce00000|  0%| F|  |TAMS 0x000000070cc00000| PB 0x000000070cc00000| Untracked 
|  65|0x000000070ce00000, 0x000000070ce00000, 0x000000070d000000|  0%| F|  |TAMS 0x000000070ce00000| PB 0x000000070ce00000| Untracked 
|  66|0x000000070d000000, 0x000000070d000000, 0x000000070d200000|  0%| F|  |TAMS 0x000000070d000000| PB 0x000000070d000000| Untracked 
|  67|0x000000070d200000, 0x000000070d200000, 0x000000070d400000|  0%| F|  |TAMS 0x000000070d200000| PB 0x000000070d200000| Untracked 
|  68|0x000000070d400000, 0x000000070d400000, 0x000000070d600000|  0%| F|  |TAMS 0x000000070d400000| PB 0x000000070d400000| Untracked 
|  69|0x000000070d600000, 0x000000070d600000, 0x000000070d800000|  0%| F|  |TAMS 0x000000070d600000| PB 0x000000070d600000| Untracked 
|  70|0x000000070d800000, 0x000000070d800000, 0x000000070da00000|  0%| F|  |TAMS 0x000000070d800000| PB 0x000000070d800000| Untracked 
|  71|0x000000070da00000, 0x000000070da00000, 0x000000070dc00000|  0%| F|  |TAMS 0x000000070da00000| PB 0x000000070da00000| Untracked 
|  72|0x000000070dc00000, 0x000000070dc00000, 0x000000070de00000|  0%| F|  |TAMS 0x000000070dc00000| PB 0x000000070dc00000| Untracked 
|  73|0x000000070de00000, 0x000000070de00000, 0x000000070e000000|  0%| F|  |TAMS 0x000000070de00000| PB 0x000000070de00000| Untracked 
|  74|0x000000070e000000, 0x000000070e000000, 0x000000070e200000|  0%| F|  |TAMS 0x000000070e000000| PB 0x000000070e000000| Untracked 
|  75|0x000000070e200000, 0x000000070e200000, 0x000000070e400000|  0%| F|  |TAMS 0x000000070e200000| PB 0x000000070e200000| Untracked 
|  76|0x000000070e400000, 0x000000070e400000, 0x000000070e600000|  0%| F|  |TAMS 0x000000070e400000| PB 0x000000070e400000| Untracked 
|  77|0x000000070e600000, 0x000000070e600000, 0x000000070e800000|  0%| F|  |TAMS 0x000000070e600000| PB 0x000000070e600000| Untracked 
|  78|0x000000070e800000, 0x000000070e800000, 0x000000070ea00000|  0%| F|  |TAMS 0x000000070e800000| PB 0x000000070e800000| Untracked 
|  79|0x000000070ea00000, 0x000000070ea00000, 0x000000070ec00000|  0%| F|  |TAMS 0x000000070ea00000| PB 0x000000070ea00000| Untracked 
|  80|0x000000070ec00000, 0x000000070ec00000, 0x000000070ee00000|  0%| F|  |TAMS 0x000000070ec00000| PB 0x000000070ec00000| Untracked 
|  81|0x000000070ee00000, 0x000000070ee00000, 0x000000070f000000|  0%| F|  |TAMS 0x000000070ee00000| PB 0x000000070ee00000| Untracked 
|  82|0x000000070f000000, 0x000000070f000000, 0x000000070f200000|  0%| F|  |TAMS 0x000000070f000000| PB 0x000000070f000000| Untracked 
|  83|0x000000070f200000, 0x000000070f200000, 0x000000070f400000|  0%| F|  |TAMS 0x000000070f200000| PB 0x000000070f200000| Untracked 
|  84|0x000000070f400000, 0x000000070f400000, 0x000000070f600000|  0%| F|  |TAMS 0x000000070f400000| PB 0x000000070f400000| Untracked 
|  85|0x000000070f600000, 0x000000070f600000, 0x000000070f800000|  0%| F|  |TAMS 0x000000070f600000| PB 0x000000070f600000| Untracked 
|  86|0x000000070f800000, 0x000000070f800000, 0x000000070fa00000|  0%| F|  |TAMS 0x000000070f800000| PB 0x000000070f800000| Untracked 
|  87|0x000000070fa00000, 0x000000070fa00000, 0x000000070fc00000|  0%| F|  |TAMS 0x000000070fa00000| PB 0x000000070fa00000| Untracked 
|  88|0x000000070fc00000, 0x000000070fc00000, 0x000000070fe00000|  0%| F|  |TAMS 0x000000070fc00000| PB 0x000000070fc00000| Untracked 
|  89|0x000000070fe00000, 0x000000070fe00000, 0x0000000710000000|  0%| F|  |TAMS 0x000000070fe00000| PB 0x000000070fe00000| Untracked 
|  90|0x0000000710000000, 0x0000000710000000, 0x0000000710200000|  0%| F|  |TAMS 0x0000000710000000| PB 0x0000000710000000| Untracked 
|  91|0x0000000710200000, 0x0000000710200000, 0x0000000710400000|  0%| F|  |TAMS 0x0000000710200000| PB 0x0000000710200000| Untracked 
|  92|0x0000000710400000, 0x0000000710400000, 0x0000000710600000|  0%| F|  |TAMS 0x0000000710400000| PB 0x0000000710400000| Untracked 
|  93|0x0000000710600000, 0x0000000710600000, 0x0000000710800000|  0%| F|  |TAMS 0x0000000710600000| PB 0x0000000710600000| Untracked 
|  94|0x0000000710800000, 0x0000000710800000, 0x0000000710a00000|  0%| F|  |TAMS 0x0000000710800000| PB 0x0000000710800000| Untracked 
|  95|0x0000000710a00000, 0x0000000710a00000, 0x0000000710c00000|  0%| F|  |TAMS 0x0000000710a00000| PB 0x0000000710a00000| Untracked 
|  96|0x0000000710c00000, 0x0000000710c00000, 0x0000000710e00000|  0%| F|  |TAMS 0x0000000710c00000| PB 0x0000000710c00000| Untracked 
|  97|0x0000000710e00000, 0x0000000710e00000, 0x0000000711000000|  0%| F|  |TAMS 0x0000000710e00000| PB 0x0000000710e00000| Untracked 
|  98|0x0000000711000000, 0x0000000711000000, 0x0000000711200000|  0%| F|  |TAMS 0x0000000711000000| PB 0x0000000711000000| Untracked 
|  99|0x0000000711200000, 0x0000000711200000, 0x0000000711400000|  0%| F|  |TAMS 0x0000000711200000| PB 0x0000000711200000| Untracked 
| 100|0x0000000711400000, 0x0000000711400000, 0x0000000711600000|  0%| F|  |TAMS 0x0000000711400000| PB 0x0000000711400000| Untracked 
| 101|0x0000000711600000, 0x0000000711600000, 0x0000000711800000|  0%| F|  |TAMS 0x0000000711600000| PB 0x0000000711600000| Untracked 
| 102|0x0000000711800000, 0x0000000711800000, 0x0000000711a00000|  0%| F|  |TAMS 0x0000000711800000| PB 0x0000000711800000| Untracked 
| 103|0x0000000711a00000, 0x0000000711a00000, 0x0000000711c00000|  0%| F|  |TAMS 0x0000000711a00000| PB 0x0000000711a00000| Untracked 
| 104|0x0000000711c00000, 0x0000000711c00000, 0x0000000711e00000|  0%| F|  |TAMS 0x0000000711c00000| PB 0x0000000711c00000| Untracked 
| 105|0x0000000711e00000, 0x0000000711e00000, 0x0000000712000000|  0%| F|  |TAMS 0x0000000711e00000| PB 0x0000000711e00000| Untracked 
| 106|0x0000000712000000, 0x0000000712000000, 0x0000000712200000|  0%| F|  |TAMS 0x0000000712000000| PB 0x0000000712000000| Untracked 
| 107|0x0000000712200000, 0x0000000712200000, 0x0000000712400000|  0%| F|  |TAMS 0x0000000712200000| PB 0x0000000712200000| Untracked 
| 108|0x0000000712400000, 0x0000000712400000, 0x0000000712600000|  0%| F|  |TAMS 0x0000000712400000| PB 0x0000000712400000| Untracked 
| 109|0x0000000712600000, 0x0000000712600000, 0x0000000712800000|  0%| F|  |TAMS 0x0000000712600000| PB 0x0000000712600000| Untracked 
| 110|0x0000000712800000, 0x0000000712800000, 0x0000000712a00000|  0%| F|  |TAMS 0x0000000712800000| PB 0x0000000712800000| Untracked 
| 111|0x0000000712a00000, 0x0000000712a00000, 0x0000000712c00000|  0%| F|  |TAMS 0x0000000712a00000| PB 0x0000000712a00000| Untracked 
| 112|0x0000000712c00000, 0x0000000712c00000, 0x0000000712e00000|  0%| F|  |TAMS 0x0000000712c00000| PB 0x0000000712c00000| Untracked 
| 113|0x0000000712e00000, 0x0000000712e00000, 0x0000000713000000|  0%| F|  |TAMS 0x0000000712e00000| PB 0x0000000712e00000| Untracked 
| 114|0x0000000713000000, 0x0000000713000000, 0x0000000713200000|  0%| F|  |TAMS 0x0000000713000000| PB 0x0000000713000000| Untracked 
| 115|0x0000000713200000, 0x0000000713200000, 0x0000000713400000|  0%| F|  |TAMS 0x0000000713200000| PB 0x0000000713200000| Untracked 
| 116|0x0000000713400000, 0x0000000713400000, 0x0000000713600000|  0%| F|  |TAMS 0x0000000713400000| PB 0x0000000713400000| Untracked 
| 117|0x0000000713600000, 0x0000000713600000, 0x0000000713800000|  0%| F|  |TAMS 0x0000000713600000| PB 0x0000000713600000| Untracked 
| 118|0x0000000713800000, 0x0000000713800000, 0x0000000713a00000|  0%| F|  |TAMS 0x0000000713800000| PB 0x0000000713800000| Untracked 
| 119|0x0000000713a00000, 0x0000000713a00000, 0x0000000713c00000|  0%| F|  |TAMS 0x0000000713a00000| PB 0x0000000713a00000| Untracked 
| 120|0x0000000713c00000, 0x0000000713c712c8, 0x0000000713e00000| 22%| E|  |TAMS 0x0000000713c00000| PB 0x0000000713c00000| Complete 
| 121|0x0000000713e00000, 0x0000000714000000, 0x0000000714000000|100%| E|CS|TAMS 0x0000000713e00000| PB 0x0000000713e00000| Complete 
| 122|0x0000000714000000, 0x0000000714200000, 0x0000000714200000|100%| E|CS|TAMS 0x0000000714000000| PB 0x0000000714000000| Complete 
| 123|0x0000000714200000, 0x0000000714400000, 0x0000000714400000|100%| E|CS|TAMS 0x0000000714200000| PB 0x0000000714200000| Complete 
| 124|0x0000000714400000, 0x0000000714600000, 0x0000000714600000|100%| E|CS|TAMS 0x0000000714400000| PB 0x0000000714400000| Complete 
| 125|0x0000000714600000, 0x0000000714800000, 0x0000000714800000|100%| E|CS|TAMS 0x0000000714600000| PB 0x0000000714600000| Complete 

Card table byte_map: [0x000001b334200000,0x000001b3349e0000] _byte_map_base: 0x000001b3309da000

Marking Bits: (CMBitMap*) 0x000001b31c30a240
 Bits: [0x000001b3349e0000, 0x000001b3388b0000)

Polling page: 0x000001b31ba60000

Metaspace:

Usage:
  Non-class:      1.81 MB used.
      Class:    260.44 KB used.
       Both:      2.07 MB used.

Virtual space:
  Non-class space:       64.00 MB reserved,       1.94 MB (  3%) committed,  1 nodes.
      Class space:        1.00 GB reserved,     384.00 KB ( <1%) committed,  1 nodes.
             Both:        1.06 GB reserved,       2.31 MB ( <1%) committed. 

Chunk freelists:
   Non-Class:  10.92 MB
       Class:  15.49 MB
        Both:  26.41 MB

MaxMetaspaceSize: unlimited
CompressedClassSpaceSize: 1.00 GB
Initial GC threshold: 21.00 MB
Current GC threshold: 21.00 MB
CDS: on
 - commit_granule_bytes: 65536.
 - commit_granule_words: 8192.
 - virtual_space_node_default_size: 8388608.
 - enlarge_chunks_in_place: 1.
 - use_allocation_guard: 0.


Internal statistics:

num_allocs_failed_limit: 0.
num_arena_births: 164.
num_arena_deaths: 0.
num_vsnodes_births: 2.
num_vsnodes_deaths: 0.
num_space_committed: 37.
num_space_uncommitted: 0.
num_chunks_returned_to_freelist: 0.
num_chunks_taken_from_freelist: 254.
num_chunk_merges: 0.
num_chunk_splits: 159.
num_chunks_enlarged: 82.
num_inconsistent_stats: 0.

CodeHeap 'non-profiled nmethods': size=120000Kb used=244Kb max_used=244Kb free=119755Kb
 bounds [0x000001b32c1c0000, 0x000001b32c430000, 0x000001b3336f0000]
CodeHeap 'profiled nmethods': size=120000Kb used=1124Kb max_used=1124Kb free=118875Kb
 bounds [0x000001b3246f0000, 0x000001b324960000, 0x000001b32bc20000]
CodeHeap 'non-nmethods': size=5760Kb used=1458Kb max_used=1478Kb free=4301Kb
 bounds [0x000001b32bc20000, 0x000001b32be90000, 0x000001b32c1c0000]
 total_blobs=1163 nmethods=724 adapters=344
 compilation: enabled
              stopped_count=0, restarted_count=0
 full_count=0

Compilation events (20 events):
Event: 1.034 Thread 0x000001b33b2f0630  623       3       edu.uky.cs.nil.sabre.io.Tokenizer::isNumber (65 bytes)
Event: 1.036 Thread 0x000001b33b2f0630 nmethod 623 0x000001b3247de510 code [0x000001b3247de7e0, 0x000001b3247df7b0]
Event: 1.036 Thread 0x000001b33b2f0630  625       3       edu.uky.cs.nil.sabre.util.ImmutableList::<init> (15 bytes)
Event: 1.037 Thread 0x000001b33b2f0630 nmethod 625 0x000001b3247dfd90 code [0x000001b3247dff40, 0x000001b3247e0178]
Event: 1.037 Thread 0x000001b33b2f0630  626       3       edu.uky.cs.nil.sabre.util.ImmutableList::add (10 bytes)
Event: 1.037 Thread 0x000001b33b2f0630 nmethod 626 0x000001b3247e0210 code [0x000001b3247e03c0, 0x000001b3247e06b0]
Event: 1.037 Thread 0x000001b33b80f1c0 nmethod 620 0x000001b32c1f3890 code [0x000001b32c1f3a20, 0x000001b32c1f3c60]
Event: 1.037 Thread 0x000001b33b2f0630  627       3       edu.uky.cs.nil.sabre.util.ImmutableList::size (19 bytes)
Event: 1.037 Thread 0x000001b33b80f1c0  624       4       java.lang.Character::isDigit (5 bytes)
Event: 1.038 Thread 0x000001b33b2f0630 nmethod 627 0x000001b3247e0790 code [0x000001b3247e0960, 0x000001b3247e0be8]
Event: 1.038 Thread 0x000001b33b812060 nmethod 619 0x000001b32c1f3d90 code [0x000001b32c1f3f60, 0x000001b32c1f43b8]
Event: 1.038 Thread 0x000001b33b812060  628       4       edu.uky.cs.nil.sabre.util.ImmutableList::size (19 bytes)
Event: 1.039 Thread 0x000001b33b80f1c0 nmethod 624 0x000001b32c1f4790 code [0x000001b32c1f4920, 0x000001b32c1f49c0]
Event: 1.039 Thread 0x000001b33b80f1c0  621       4       java.lang.String::valueOfCodePoint (93 bytes)
Event: 1.040 Thread 0x000001b33b812060 nmethod 628 0x000001b32c1f4a90 code [0x000001b32c1f4c20, 0x000001b32c1f4d30]
Event: 1.043 Thread 0x000001b33b80f1c0 nmethod 621 0x000001b32c1f4e10 code [0x000001b32c1f4fa0, 0x000001b32c1f51e0]
Event: 1.052 Thread 0x000001b33b2f0630  629       3       edu.uky.cs.nil.sabre.io.Lookahead::find (162 bytes)
Event: 1.053 Thread 0x000001b33b2f0630 nmethod 629 0x000001b3247e0d10 code [0x000001b3247e0fc0, 0x000001b3247e1c10]
Event: 1.058 Thread 0x000001b33b2f0630  630       3       edu.uky.cs.nil.sabre.io.Pattern::clip (41 bytes)
Event: 1.059 Thread 0x000001b33b2f0630 nmethod 630 0x000001b3247e2010 code [0x000001b3247e2280, 0x000001b3247e2d30]

GC Heap History (0 events):
No events

Dll operation events (5 events):
Event: 0.019 Loaded shared library C:\Program Files\Java\jdk-21\bin\java.dll
Event: 0.164 Loaded shared library C:\Program Files\Java\jdk-21\bin\jsvml.dll
Event: 0.216 Loaded shared library C:\Program Files\Java\jdk-21\bin\net.dll
Event: 0.235 Loaded shared library C:\Program Files\Java\jdk-21\bin\nio.dll
Event: 0.253 Loaded shared library C:\Program Files\Java\jdk-21\bin\zip.dll

Deoptimization events (14 events):
Event: 0.279 Thread 0x000001b31c2ab1e0 DEOPT PACKING pc=0x000001b3246f11c9 sp=0x0000009376cfd6e0
Event: 0.279 Thread 0x000001b31c2ab1e0 DEOPT UNPACKING pc=0x000001b32bc788e2 sp=0x0000009376cfcb58 mode 0
Event: 0.488 Thread 0x000001b31c2ab1e0 DEOPT PACKING pc=0x000001b3246ffd99 sp=0x0000009376cfd400
Event: 0.488 Thread 0x000001b31c2ab1e0 DEOPT UNPACKING pc=0x000001b32bc788e2 sp=0x0000009376cfc820 mode 0
Event: 0.501 Thread 0x000001b31c2ab1e0 DEOPT PACKING pc=0x000001b3246f8861 sp=0x0000009376cfce50
Event: 0.501 Thread 0x000001b31c2ab1e0 DEOPT UNPACKING pc=0x000001b32bc788e2 sp=0x0000009376cfc2b8 mode 0
Event: 1.033 Thread 0x000001b31c2ab1e0 Uncommon trap: trap_request=0xffffff45 fr.pc=0x000001b32c1f36f8 relative=0x00000000000000d8
Event: 1.033 Thread 0x000001b31c2ab1e0 Uncommon trap: reason=unstable_if action=reinterpret pc=0x000001b32c1f36f8 method=java.io.BufferedReader.implRead()I @ 12 c2
Event: 1.033 Thread 0x000001b31c2ab1e0 DEOPT PACKING pc=0x000001b32c1f36f8 sp=0x0000009376cfeeb0
Event: 1.033 Thread 0x000001b31c2ab1e0 DEOPT UNPACKING pc=0x000001b32bc77da2 sp=0x0000009376cfee40 mode 2
Event: 1.034 Thread 0x000001b31c2ab1e0 Uncommon trap: trap_request=0xffffff45 fr.pc=0x000001b32c1ee938 relative=0x0000000000000258
Event: 1.034 Thread 0x000001b31c2ab1e0 Uncommon trap: reason=unstable_if action=reinterpret pc=0x000001b32c1ee938 method=edu.uky.cs.nil.sabre.io.Tokenizer.isNumber(Ljava/lang/String;)Z @ 6 c2
Event: 1.034 Thread 0x000001b31c2ab1e0 DEOPT PACKING pc=0x000001b32c1ee938 sp=0x0000009376cfedb0
Event: 1.034 Thread 0x000001b31c2ab1e0 DEOPT UNPACKING pc=0x000001b32bc77da2 sp=0x0000009376cfed40 mode 2

Classes loaded (20 events):
Event: 0.572 Loading class java/io/InputStreamReader done
Event: 0.572 Loading class java/io/FileReader done
Event: 0.572 Loading class java/io/BufferedReader
Event: 0.572 Loading class java/io/BufferedReader done
Event: 0.691 Loading class java/lang/NoSuchFieldError
Event: 0.691 Loading class java/lang/NoSuchFieldError done
Event: 0.694 Loading class java/util/NoSuchElementException
Event: 0.695 Loading class java/util/NoSuchElementException done
Event: 0.765 Loading class java/lang/invoke/DirectMethodHandle$Special
Event: 0.765 Loading class java/lang/invoke/DirectMethodHandle$Special done
Event: 0.801 Loading class java/io/StringWriter
Event: 0.801 Loading class java/io/StringWriter done
Event: 0.801 Loading class java/io/FileWriter
Event: 0.801 Loading class java/io/FileWriter done
Event: 0.914 Loading class sun/nio/cs/StreamDecoder
Event: 0.914 Loading class sun/nio/cs/StreamDecoder done
Event: 0.914 Loading class sun/nio/cs/UTF_8$Decoder
Event: 0.914 Loading class sun/nio/cs/UTF_8$Decoder done
Event: 1.036 Loading class java/lang/IndexOutOfBoundsException
Event: 1.036 Loading class java/lang/IndexOutOfBoundsException done

Classes unloaded (0 events):
No events

Classes redefined (0 events):
No events

Internal exceptions (12 events):
Event: 0.479 Thread 0x000001b31c2ab1e0 Exception <a 'java/lang/NoSuchMethodError'{0x000000071452eaa0}: 'java.lang.Object java.lang.invoke.DirectMethodHandle$Holder.invokeStatic(java.lang.Object, java.lang.Object, java.lang.Object, java.lang.Object, java.lang.Object, java.lang.Object, java.lang.Object, java.lang.Object, java.lang.Object, java.lang.Object, java.lang.Object, java.lang.Object, java.lang.Object)'> (0x000000071452eaa0) 
thrown [s\open\src\hotspot\share\interpreter\linkResolver.cpp, line 773]
Event: 0.487 Thread 0x000001b31c2ab1e0 Exception <a 'java/lang/NoSuchMethodError'{0x000000071454e628}: 'java.lang.Object java.lang.invoke.DirectMethodHandle$Holder.invokeStatic(java.lang.Object, java.lang.Object, java.lang.Object, java.lang.Object, java.lang.Object, java.lang.Object, java.lang.Object, java.lang.Object, java.lang.Object, java.lang.Object, java.lang.Object, java.lang.Object, java.lang.Object, java.lang.Object)'> (0x000000071454e628) 
thrown [s\open\src\hotspot\share\interpreter\linkResolver.cpp, line 773]
Event: 0.501 Thread 0x000001b31c2ab1e0 Exception <a 'java/lang/NoSuchMethodError'{0x000000071456f810}: 'java.lang.Object java.lang.invoke.DirectMethodHandle$Holder.invokeStatic(java.lang.Object, java.lang.Object, java.lang.Object, java.lang.Object, java.lang.Object, java.lang.Object, java.lang.Object, java.lang.Object, java.lang.Object, java.lang.Object, java.lang.Object, java.lang.Object, java.lang.Object, java.lang.Object, java.lang.Object)'> (0x000000071456f810) 
thrown [s\open\src\hotspot\share\interpreter\linkResolver.cpp, line 773]
Event: 0.509 Thread 0x000001b31c2ab1e0 Exception <a 'java/lang/NoSuchMethodError'{0x00000007145928b8}: 'java.lang.Object java.lang.invoke.DirectMethodHandle$Holder.invokeStatic(java.lang.Object, java.lang.Object, java.lang.Object, java.lang.Object, java.lang.Object, java.lang.Object, java.lang.Object, java.lang.Object, java.lang.Object, java.lang.Object, java.lang.Object, java.lang.Object, java.lang.Object, java.lang.Object, java.lang.Object, java.lang.Object)'> (0x00000007145928b8) 
thrown [s\open\src\hotspot\share\interpreter\linkResolver.cpp
Event: 0.513 Thread 0x000001b31c2ab1e0 Exception <a 'java/lang/NoSuchMethodError'{0x00000007145a1d88}: 'java.lang.Object java.lang.invoke.DirectMethodHandle$Holder.invokeSpecial(java.lang.Object, java.lang.Object, long, java.lang.Object, java.lang.Object, java.lang.Object, java.lang.Object, java.lang.Object, java.lang.Object, java.lang.Object, java.lang.Object, java.lang.Object, java.lang.Object, java.lang.Object, java.lang.Object, java.lang.Object, java.lang.Object, java.lang.Object, java.lang.Object, java.lang.Object, java.lang.Object, java.l
Event: 0.513 Thread 0x000001b31c2ab1e0 Exception <a 'java/lang/NoSuchMethodError'{0x00000007145a7c70}: 'java.lang.Object java.lang.invoke.DelegatingMethodHandle$Holder.reinvoke_L(java.lang.Object, long, java.lang.Object, java.lang.Object, java.lang.Object, java.lang.Object, java.lang.Object, java.lang.Object, java.lang.Object, java.lang.Object, java.lang.Object, java.lang.Object, java.lang.Object, java.lang.Object, java.lang.Object, java.lang.Object, java.lang.Object, java.lang.Object, java.lang.Object, java.lang.Object, java.lang.Object, java.
Event: 0.527 Thread 0x000001b31c2ab1e0 Exception <a 'java/lang/NoSuchMethodError'{0x00000007145de180}: 'java.lang.Object java.lang.invoke.Invokers$Holder.linkToTargetMethod(java.lang.Object, java.lang.Object, java.lang.Object, java.lang.Object, java.lang.Object, java.lang.Object, java.lang.Object, java.lang.Object, java.lang.Object, java.lang.Object, java.lang.Object, java.lang.Object, java.lang.Object, java.lang.Object, java.lang.Object, java.lang.Object, java.lang.Object, java.lang.Object, java.lang.Object, java.lang.Object, java.lang.Object,
Event: 0.531 Thread 0x000001b31c2ab1e0 Exception <a 'java/lang/NoSuchMethodError'{0x00000007145e90a8}: 'void java.lang.invoke.DirectMethodHandle$Holder.invokeStatic(java.lang.Object, java.lang.Object, java.lang.Object)'> (0x00000007145e90a8) 
thrown [s\open\src\hotspot\share\interpreter\linkResolver.cpp, line 773]
Event: 0.532 Thread 0x000001b31c2ab1e0 Exception <a 'java/lang/NoSuchMethodError'{0x00000007145ec680}: 'void java.lang.invoke.DirectMethodHandle$Holder.invokeStaticInit(java.lang.Object, java.lang.Object, java.lang.Object)'> (0x00000007145ec680) 
thrown [s\open\src\hotspot\share\interpreter\linkResolver.cpp, line 773]
Event: 0.746 Thread 0x000001b31c2ab1e0 Exception <a 'java/lang/NoSuchMethodError'{0x00000007143cf3c0}: 'void java.lang.invoke.DirectMethodHandle$Holder.invokeStatic(java.lang.Object, java.lang.Object)'> (0x00000007143cf3c0) 
thrown [s\open\src\hotspot\share\interpreter\linkResolver.cpp, line 773]
Event: 0.809 Thread 0x000001b31c2ab1e0 Exception <a 'java/lang/NoSuchMethodError'{0x0000000714068870}: 'void java.lang.invoke.DirectMethodHandle$Holder.invokeStatic(java.lang.Object, java.lang.Object, java.lang.Object, java.lang.Object)'> (0x0000000714068870) 
thrown [s\open\src\hotspot\share\interpreter\linkResolver.cpp, line 773]
Event: 0.815 Thread 0x000001b31c2ab1e0 Exception <a 'java/lang/NoSuchMethodError'{0x0000000714081838}: 'void java.lang.invoke.DirectMethodHandle$Holder.invokeSpecial(java.lang.Object, java.lang.Object, java.lang.Object, java.lang.Object, java.lang.Object)'> (0x0000000714081838) 
thrown [s\open\src\hotspot\share\interpreter\linkResolver.cpp, line 773]

ZGC Phase Switch (0 events):
No events

VM Operations (4 events):
Event: 0.254 Executing VM operation: HandshakeAllThreads (Deoptimize)
Event: 0.255 Executing VM operation: HandshakeAllThreads (Deoptimize) done
Event: 0.533 Executing VM operation: HandshakeAllThreads (Deoptimize)
Event: 0.533 Executing VM operation: HandshakeAllThreads (Deoptimize) done

Events (13 events):
Event: 0.060 Thread 0x000001b31c2ab1e0 Thread added: 0x000001b31c2ab1e0
Event: 0.114 Thread 0x000001b33b2e2130 Thread added: 0x000001b33b2e2130
Event: 0.114 Thread 0x000001b33b2e3050 Thread added: 0x000001b33b2e3050
Event: 0.115 Thread 0x000001b33b2e7180 Thread added: 0x000001b33b2e7180
Event: 0.115 Thread 0x000001b33b2e7cd0 Thread added: 0x000001b33b2e7cd0
Event: 0.115 Thread 0x000001b33b2e9f00 Thread added: 0x000001b33b2e9f00
Event: 0.116 Thread 0x000001b33b2ea960 Thread added: 0x000001b33b2ea960
Event: 0.120 Thread 0x000001b33b2ed8b0 Thread added: 0x000001b33b2ed8b0
Event: 0.122 Thread 0x000001b33b2f0630 Thread added: 0x000001b33b2f0630
Event: 0.174 Thread 0x000001b33b5212d0 Thread added: 0x000001b33b5212d0
Event: 0.185 Thread 0x000001b33b5300a0 Thread added: 0x000001b33b5300a0
Event: 0.985 Thread 0x000001b33b80f1c0 Thread added: 0x000001b33b80f1c0
Event: 0.996 Thread 0x000001b33b812060 Thread added: 0x000001b33b812060


Dynamic libraries:
0x00007ff6e6230000 - 0x00007ff6e6240000 	C:\Program Files\Java\jdk-21\bin\java.exe
0x00007ffb86770000 - 0x00007ffb86987000 	C:\WINDOWS\SYSTEM32\ntdll.dll
0x00007ffb30bb0000 - 0x00007ffb30bca000 	C:\Program Files\Avast Software\Avast\aswhook.dll
0x00007ffb847d0000 - 0x00007ffb84894000 	C:\WINDOWS\System32\KERNEL32.DLL
0x00007ffb83ad0000 - 0x00007ffb83e7d000 	C:\WINDOWS\System32\KERNELBASE.dll
0x00007ffb84250000 - 0x00007ffb84361000 	C:\WINDOWS\System32\ucrtbase.dll
0x00007ffb63630000 - 0x00007ffb63649000 	C:\Program Files\Java\jdk-21\bin\jli.dll
0x00007ffb63960000 - 0x00007ffb6397b000 	C:\Program Files\Java\jdk-21\bin\VCRUNTIME140.dll
0x00007ffb85fc0000 - 0x00007ffb86072000 	C:\WINDOWS\System32\ADVAPI32.dll
0x00007ffb86230000 - 0x00007ffb862d7000 	C:\WINDOWS\System32\msvcrt.dll
0x00007ffb84ce0000 - 0x00007ffb84d89000 	C:\WINDOWS\System32\sechost.dll
0x00007ffb83aa0000 - 0x00007ffb83ac8000 	C:\WINDOWS\System32\bcrypt.dll
0x00007ffb844b0000 - 0x00007ffb845c4000 	C:\WINDOWS\System32\RPCRT4.dll
0x00007ffb862e0000 - 0x00007ffb8648e000 	C:\WINDOWS\System32\USER32.dll
0x00007ffb84410000 - 0x00007ffb84436000 	C:\WINDOWS\System32\win32u.dll
0x00007ffb85b10000 - 0x00007ffb85b39000 	C:\WINDOWS\System32\GDI32.dll
0x00007ffb73630000 - 0x00007ffb738c3000 	C:\WINDOWS\WinSxS\amd64_microsoft.windows.common-controls_6595b64144ccf1df_6.0.22621.3672_none_2713b9d173822955\COMCTL32.dll
0x00007ffb83ff0000 - 0x00007ffb84109000 	C:\WINDOWS\System32\gdi32full.dll
0x00007ffb84370000 - 0x00007ffb8440a000 	C:\WINDOWS\System32\msvcp_win.dll
0x00007ffb738d0000 - 0x00007ffb738da000 	C:\WINDOWS\SYSTEM32\VERSION.dll
0x00007ffb85920000 - 0x00007ffb85951000 	C:\WINDOWS\System32\IMM32.DLL
0x00007ffb7be90000 - 0x00007ffb7be9c000 	C:\Program Files\Java\jdk-21\bin\vcruntime140_1.dll
0x00007ffb55fa0000 - 0x00007ffb5602e000 	C:\Program Files\Java\jdk-21\bin\msvcp140.dll
0x00007ffb26f90000 - 0x00007ffb27ca5000 	C:\Program Files\Java\jdk-21\bin\server\jvm.dll
0x00007ffb84750000 - 0x00007ffb847c1000 	C:\WINDOWS\System32\WS2_32.dll
0x00007ffb828f0000 - 0x00007ffb8293d000 	C:\WINDOWS\SYSTEM32\POWRPROF.dll
0x00007ffb776d0000 - 0x00007ffb77704000 	C:\WINDOWS\SYSTEM32\WINMM.dll
0x00007ffb828d0000 - 0x00007ffb828e3000 	C:\WINDOWS\SYSTEM32\UMPDC.dll
0x00007ffb82b80000 - 0x00007ffb82b98000 	C:\WINDOWS\SYSTEM32\kernel.appcore.dll
0x00007ffb7b8a0000 - 0x00007ffb7b8aa000 	C:\Program Files\Java\jdk-21\bin\jimage.dll
0x00007ffb81290000 - 0x00007ffb814c2000 	C:\WINDOWS\SYSTEM32\DBGHELP.DLL
0x00007ffb84950000 - 0x00007ffb84cd8000 	C:\WINDOWS\System32\combase.dll
0x00007ffb84f50000 - 0x00007ffb85027000 	C:\WINDOWS\System32\OLEAUT32.dll
0x00007ffb741b0000 - 0x00007ffb741e2000 	C:\WINDOWS\SYSTEM32\dbgcore.DLL
0x00007ffb841d0000 - 0x00007ffb8424b000 	C:\WINDOWS\System32\bcryptPrimitives.dll
0x00007ffb63610000 - 0x00007ffb6362f000 	C:\Program Files\Java\jdk-21\bin\java.dll
0x00007ffb850b0000 - 0x00007ffb8590f000 	C:\WINDOWS\System32\SHELL32.dll
0x00007ffb819b0000 - 0x00007ffb822ac000 	C:\WINDOWS\SYSTEM32\windows.storage.dll
0x00007ffb81870000 - 0x00007ffb819af000 	C:\WINDOWS\SYSTEM32\wintypes.dll
0x00007ffb86580000 - 0x00007ffb86674000 	C:\WINDOWS\System32\SHCORE.dll
0x00007ffb85050000 - 0x00007ffb850ae000 	C:\WINDOWS\System32\shlwapi.dll
0x00007ffb839d0000 - 0x00007ffb839f1000 	C:\WINDOWS\SYSTEM32\profapi.dll
0x00007ffb28bc0000 - 0x00007ffb28c97000 	C:\Program Files\Java\jdk-21\bin\jsvml.dll
0x00007ffb740e0000 - 0x00007ffb740f0000 	C:\Program Files\Java\jdk-21\bin\net.dll
0x00007ffb78b90000 - 0x00007ffb78cc6000 	C:\WINDOWS\SYSTEM32\WINHTTP.dll
0x00007ffb82fe0000 - 0x00007ffb83049000 	C:\WINDOWS\system32\mswsock.dll
0x00007ffb635f0000 - 0x00007ffb63606000 	C:\Program Files\Java\jdk-21\bin\nio.dll
0x00007ffb58780000 - 0x00007ffb58798000 	C:\Program Files\Java\jdk-21\bin\zip.dll

dbghelp: loaded successfully - version: 4.0.5 - missing functions: none
symbol engine: initialized successfully - sym options: 0x614 - pdb path: .;C:\Program Files\Java\jdk-21\bin;C:\WINDOWS\SYSTEM32;C:\Program Files\Avast Software\Avast;C:\WINDOWS\WinSxS\amd64_microsoft.windows.common-controls_6595b64144ccf1df_6.0.22621.3672_none_2713b9d173822955;C:\Program Files\Java\jdk-21\bin\server

VM Arguments:
java_command: ..\\lib\\sabre.jar -p rl_planner2.txt -el 0 -h h+ -c n -tl 3100
java_class_path (initial): ..\\lib\\sabre.jar
Launcher Type: SUN_STANDARD

[Global flags]
     intx CICompilerCount                          = 4                                         {product} {ergonomic}
     uint ConcGCThreads                            = 2                                         {product} {ergonomic}
     uint G1ConcRefinementThreads                  = 8                                         {product} {ergonomic}
   size_t G1HeapRegionSize                         = 2097152                                   {product} {ergonomic}
    uintx GCDrainStackTargetSize                   = 64                                        {product} {ergonomic}
   size_t InitialHeapSize                          = 264241152                                 {product} {ergonomic}
   size_t MarkStackSize                            = 4194304                                   {product} {ergonomic}
   size_t MaxHeapSize                              = 4215275520                                {product} {ergonomic}
   size_t MaxNewSize                               = 2529165312                                {product} {ergonomic}
   size_t MinHeapDeltaBytes                        = 2097152                                   {product} {ergonomic}
   size_t MinHeapSize                              = 8388608                                   {product} {ergonomic}
    uintx NonNMethodCodeHeapSize                   = 5839372                                {pd product} {ergonomic}
    uintx NonProfiledCodeHeapSize                  = 122909434                              {pd product} {ergonomic}
    uintx ProfiledCodeHeapSize                     = 122909434                              {pd product} {ergonomic}
    uintx ReservedCodeCacheSize                    = 251658240                              {pd product} {ergonomic}
     bool SegmentedCodeCache                       = true                                      {product} {ergonomic}
   size_t SoftMaxHeapSize                          = 4215275520                             {manageable} {ergonomic}
     bool UseCompressedOops                        = true                           {product lp64_product} {ergonomic}
     bool UseG1GC                                  = true                                      {product} {ergonomic}
     bool UseLargePagesIndividualAllocation        = false                                  {pd product} {ergonomic}

Logging:
Log output configuration:
 #0: stdout all=warning uptime,level,tags foldmultilines=false
 #1: stderr all=off uptime,level,tags foldmultilines=false

Environment Variables:
PATH=C:\Users\kacpe\AppData\Local\Packages\PythonSoftwareFoundation.Python.3.10_qbz5n2kfra8p0\LocalCache\local-packages\Python310\site-packages\cv2\../../x64/vc14/bin;c:\Users\kacpe\AppData\Local\Microsoft\WindowsApps;c:\Users\kacpe\AppData\Local\Packages\PythonSoftwareFoundation.Python.3.10_qbz5n2kfra8p0\LocalCache\local-packages\Python310\Scripts;C:\Program Files\Alacritty\;C:\Program Files\Common Files\Oracle\Java\javapath;C:\Program Files (x86)\Common Files\Oracle\Java\javapath;C:\Users\kacpe\AppData\Local\Packages\PythonSoftwareFoundation.Python.3.10_qbz5n2kfra8p0\LocalCache\local-packages\Python310\Scripts;C:\WINDOWS\system32;C:\WINDOWS;C:\WINDOWS\System32\Wbem;C:\WINDOWS\System32\WindowsPowerShell\v1.0\;C:\WINDOWS\System32\OpenSSH\;C:\Program Files\Microsoft VS Code\bin;C:\Program Files\dotnet\;E:\Git\cmd;E:\Git LFS;C:\Program Files\Docker\Docker\resources\bin;C:\ProgramData\chocolatey\bin;C:\Users\kacpe\AppData\Local\Microsoft\WindowsApps;C:\Users\kacpe\AppData\Local\GitHubDesktop\bin;C:\Users\kacpe\AppData\Local\Packages\PythonSoftwareFoundation.Python.3.10_qbz5n2kfra8p0\LocalCache\local-packages\Python310\Scripts;C:\Users\kacpe\AppData\Local\Packages\PythonSoftwareFoundation.Python.3.10_qbz5n2kfra8p0\LocalCache\local-packages\Python310;C:\Users\kacpe\.dotnet\tools;C:\Program Files\OpenSSL-Win64\bin;;C:\Program Files\Alacritty\;C:\Program Files\Common Files\Oracle\Java\javapath;C:\Program Files (x86)\Common Files\Oracle\Java\javapath;C:\Users\kacpe\AppData\Local\Packages\PythonSoftwareFoundation.Python.3.10_qbz5n2kfra8p0\LocalCache\local-packages\Python310\Scripts;C:\WINDOWS\system32;C:\WINDOWS;C:\WINDOWS\System32\Wbem;C:\WINDOWS\System32\WindowsPowerShell\v1.0\;C:\WINDOWS\System32\OpenSSH\;C:\Program Files\Microsoft VS Code\bin;C:\Program Files\dotnet\;E:\Git\cmd;E:\Git LFS;C:\Program Files\Docker\Docker\resources\bin;C:\ProgramData\chocolatey\bin;C:\Users\kacpe\AppData\Local\Microsoft\WindowsApps;C:\Users\kacpe\AppData\Local\GitHubDesktop\bin;C:\Users\kacpe\AppData\Local\Packages\PythonSoftwareFoundation.Python.3.10_qbz5n2kfra8p0\LocalCache\local-packages\Python310\Scripts;C:\Users\kacpe\AppData\Local\Packages\PythonSoftwareFoundation.Python.3.10_qbz5n2kfra8p0\LocalCache\local-packages\Python310;C:\Users\kacpe\.dotnet\tools;C:\Program Files\OpenSSL-Win64\bin;;C:\Users\kacpe\AppData\Local\Packages\PythonSoftwareFoundation.Python.3.10_qbz5n2kfra8p0\LocalCache\local-packages\Python310\site-packages\pygame
USERNAME=kacpe
TERM=xterm-color
OS=Windows_NT
PROCESSOR_IDENTIFIER=Intel64 Family 6 Model 140 Stepping 1, GenuineIntel
TMP=C:\Users\kacpe\AppData\Local\Temp
TEMP=C:\Users\kacpe\AppData\Local\Temp




Periodic native trim disabled

---------------  S Y S T E M  ---------------

OS:
 Windows 11 , 64 bit Build 22621 (10.0.22621.3672)
OS uptime: 4 days 13:10 hours
Hyper-V role detected

CPU: total 8 (initial active 8) (4 cores per cpu, 2 threads per core) family 6 model 140 stepping 1 microcode 0x9a, cx8, cmov, fxsr, ht, mmx, 3dnowpref, sse, sse2, sse3, ssse3, sse4.1, sse4.2, popcnt, lzcnt, tsc, tscinvbit, avx, avx2, aes, erms, clmul, bmi1, bmi2, adx, avx512f, avx512dq, avx512cd, avx512bw, avx512vl, sha, fma, vzeroupper, avx512_vpopcntdq, avx512_vpclmulqdq, avx512_vaes, avx512_vnni, clflush, clflushopt, clwb, avx512_vbmi2, avx512_vbmi, hv, rdtscp, rdpid, fsrm, gfni, avx512_bitalg, f16c, cet_ibt, cet_ss, avx512_ifma
Processor Information for all 8 processors :
  Max Mhz: 2419, Current Mhz: 2419, Mhz Limit: 2419

Memory: 4k page, system-wide physical 16078M (1483M free)
TotalPageFile size 27148M (AvailPageFile size 2M)
current process WorkingSet (physical memory assigned to process): 55M, peak: 55M
current process commit charge ("private bytes"): 344M, peak: 344M

vm_info: Java HotSpot(TM) 64-Bit Server VM (21.0.1+12-LTS-29) for windows-amd64 JRE (21.0.1+12-LTS-29), built on 2023-10-05T13:27:09Z by "mach5one" with MS VC++ 17.1 (VS2022)

END.
